ERROR - 2024-10-23 08:26:34 --> Error connecting to the database: mysqli_sql_exception: No connection could be made because the target machine actively refused it in C:\laragon\www\uts_webservice_pemesanan_mobil-server\system\Database\MySQLi\Connection.php:186
Stack trace:
#0 C:\laragon\www\uts_webservice_pemesanan_mobil-server\system\Database\MySQLi\Connection.php(186): mysqli->real_connect('localhost', 'root', Object(SensitiveParameterValue), 'serveruts', 3306, '', 0)
#1 C:\laragon\www\uts_webservice_pemesanan_mobil-server\system\Database\BaseConnection.php(421): CodeIgniter\Database\MySQLi\Connection->connect(false)
#2 C:\laragon\www\uts_webservice_pemesanan_mobil-server\system\Database\BaseConnection.php(616): CodeIgniter\Database\BaseConnection->initialize()
#3 C:\laragon\www\uts_webservice_pemesanan_mobil-server\system\Database\BaseBuilder.php(1644): CodeIgniter\Database\BaseConnection->query('SELECT *\nFROM `...', Array, false)
#4 C:\laragon\www\uts_webservice_pemesanan_mobil-server\system\Model.php(286): CodeIgniter\Database\BaseBuilder->get()
#5 C:\laragon\www\uts_webservice_pemesanan_mobil-server\system\BaseModel.php(676): CodeIgniter\Model->doFindAll(0, 0)
#6 C:\laragon\www\uts_webservice_pemesanan_mobil-server\app\Models\PemesananMobilModel.php(25): CodeIgniter\BaseModel->findAll()
#7 C:\laragon\www\uts_webservice_pemesanan_mobil-server\app\Controllers\PemesananMobil.php(69): App\Models\PemesananMobilModel->getPemesananMobil()
#8 C:\laragon\www\uts_webservice_pemesanan_mobil-server\system\CodeIgniter.php(933): App\Controllers\PemesananMobil->getPemesananMobil()
#9 C:\laragon\www\uts_webservice_pemesanan_mobil-server\system\CodeIgniter.php(509): CodeIgniter\CodeIgniter->runController(Object(App\Controllers\PemesananMobil))
#10 C:\laragon\www\uts_webservice_pemesanan_mobil-server\system\CodeIgniter.php(355): CodeIgniter\CodeIgniter->handleRequest(NULL, Object(Config\Cache), false)
#11 C:\laragon\www\uts_webservice_pemesanan_mobil-server\system\Boot.php(325): CodeIgniter\CodeIgniter->run()
#12 C:\laragon\www\uts_webservice_pemesanan_mobil-server\system\Boot.php(67): CodeIgniter\Boot::runCodeIgniter(Object(CodeIgniter\CodeIgniter))
#13 C:\laragon\www\uts_webservice_pemesanan_mobil-server\public\index.php(56): CodeIgniter\Boot::bootWeb(Object(Config\Paths))
#14 C:\laragon\www\uts_webservice_pemesanan_mobil-server\system\rewrite.php(44): require_once('C:\\laragon\\www\\...')
#15 {main}

Next CodeIgniter\Database\Exceptions\DatabaseException: No connection could be made because the target machine actively refused it in C:\laragon\www\uts_webservice_pemesanan_mobil-server\system\Database\MySQLi\Connection.php:231
Stack trace:
#0 C:\laragon\www\uts_webservice_pemesanan_mobil-server\system\Database\BaseConnection.php(421): CodeIgniter\Database\MySQLi\Connection->connect(false)
#1 C:\laragon\www\uts_webservice_pemesanan_mobil-server\system\Database\BaseConnection.php(616): CodeIgniter\Database\BaseConnection->initialize()
#2 C:\laragon\www\uts_webservice_pemesanan_mobil-server\system\Database\BaseBuilder.php(1644): CodeIgniter\Database\BaseConnection->query('SELECT *\nFROM `...', Array, false)
#3 C:\laragon\www\uts_webservice_pemesanan_mobil-server\system\Model.php(286): CodeIgniter\Database\BaseBuilder->get()
#4 C:\laragon\www\uts_webservice_pemesanan_mobil-server\system\BaseModel.php(676): CodeIgniter\Model->doFindAll(0, 0)
#5 C:\laragon\www\uts_webservice_pemesanan_mobil-server\app\Models\PemesananMobilModel.php(25): CodeIgniter\BaseModel->findAll()
#6 C:\laragon\www\uts_webservice_pemesanan_mobil-server\app\Controllers\PemesananMobil.php(69): App\Models\PemesananMobilModel->getPemesananMobil()
#7 C:\laragon\www\uts_webservice_pemesanan_mobil-server\system\CodeIgniter.php(933): App\Controllers\PemesananMobil->getPemesananMobil()
#8 C:\laragon\www\uts_webservice_pemesanan_mobil-server\system\CodeIgniter.php(509): CodeIgniter\CodeIgniter->runController(Object(App\Controllers\PemesananMobil))
#9 C:\laragon\www\uts_webservice_pemesanan_mobil-server\system\CodeIgniter.php(355): CodeIgniter\CodeIgniter->handleRequest(NULL, Object(Config\Cache), false)
#10 C:\laragon\www\uts_webservice_pemesanan_mobil-server\system\Boot.php(325): CodeIgniter\CodeIgniter->run()
#11 C:\laragon\www\uts_webservice_pemesanan_mobil-server\system\Boot.php(67): CodeIgniter\Boot::runCodeIgniter(Object(CodeIgniter\CodeIgniter))
#12 C:\laragon\www\uts_webservice_pemesanan_mobil-server\public\index.php(56): CodeIgniter\Boot::bootWeb(Object(Config\Paths))
#13 C:\laragon\www\uts_webservice_pemesanan_mobil-server\system\rewrite.php(44): require_once('C:\\laragon\\www\\...')
#14 {main}
CRITICAL - 2024-10-23 08:26:34 --> CodeIgniter\Database\Exceptions\DatabaseException: Unable to connect to the database.
Main connection [MySQLi]: No connection could be made because the target machine actively refused it
[Method: GET, Route: pemesananmobil/data]
in SYSTEMPATH\Database\BaseConnection.php on line 467.
 1 SYSTEMPATH\Database\BaseConnection.php(616): CodeIgniter\Database\BaseConnection->initialize()
 2 SYSTEMPATH\Database\BaseBuilder.php(1644): CodeIgniter\Database\BaseConnection->query('SELECT *
FROM `pemesanan_mobil`', [], false)
 3 SYSTEMPATH\Model.php(286): CodeIgniter\Database\BaseBuilder->get()
 4 SYSTEMPATH\BaseModel.php(676): CodeIgniter\Model->doFindAll(0, 0)
 5 APPPATH\Models\PemesananMobilModel.php(25): CodeIgniter\BaseModel->findAll()
 6 APPPATH\Controllers\PemesananMobil.php(69): App\Models\PemesananMobilModel->getPemesananMobil()
 7 SYSTEMPATH\CodeIgniter.php(933): App\Controllers\PemesananMobil->getPemesananMobil()
 8 SYSTEMPATH\CodeIgniter.php(509): CodeIgniter\CodeIgniter->runController(Object(App\Controllers\PemesananMobil))
 9 SYSTEMPATH\CodeIgniter.php(355): CodeIgniter\CodeIgniter->handleRequest(null, Object(Config\Cache), false)
10 SYSTEMPATH\Boot.php(325): CodeIgniter\CodeIgniter->run()
11 SYSTEMPATH\Boot.php(67): CodeIgniter\Boot::runCodeIgniter(Object(CodeIgniter\CodeIgniter))
12 FCPATH\index.php(56): CodeIgniter\Boot::bootWeb(Object(Config\Paths))
13 SYSTEMPATH\rewrite.php(44): require_once('C:\\laragon\\www\\uts_webservice_pemesanan_mobil-server\\public\\index.php')
ERROR - 2024-10-23 08:42:09 --> mysqli_sql_exception: Duplicate entry '0' for key 'PRIMARY' in C:\laragon\www\uts_webservice_pemesanan_mobil-server\system\Database\MySQLi\Connection.php:312
Stack trace:
#0 C:\laragon\www\uts_webservice_pemesanan_mobil-server\system\Database\MySQLi\Connection.php(312): mysqli->query('INSERT INTO `pe...', 0)
#1 C:\laragon\www\uts_webservice_pemesanan_mobil-server\system\Database\BaseConnection.php(734): CodeIgniter\Database\MySQLi\Connection->execute('INSERT INTO `pe...')
#2 C:\laragon\www\uts_webservice_pemesanan_mobil-server\system\Database\BaseConnection.php(648): CodeIgniter\Database\BaseConnection->simpleQuery('INSERT INTO `pe...')
#3 C:\laragon\www\uts_webservice_pemesanan_mobil-server\system\Database\BaseBuilder.php(2340): CodeIgniter\Database\BaseConnection->query('INSERT INTO `pe...', Array, false)
#4 C:\laragon\www\uts_webservice_pemesanan_mobil-server\system\Model.php(394): CodeIgniter\Database\BaseBuilder->insert()
#5 C:\laragon\www\uts_webservice_pemesanan_mobil-server\system\BaseModel.php(840): CodeIgniter\Model->doInsert(Array)
#6 C:\laragon\www\uts_webservice_pemesanan_mobil-server\system\Model.php(802): CodeIgniter\BaseModel->insert(Array, true)
#7 C:\laragon\www\uts_webservice_pemesanan_mobil-server\app\Controllers\PemesananMobil.php(40): CodeIgniter\Model->insert(Array)
#8 C:\laragon\www\uts_webservice_pemesanan_mobil-server\system\CodeIgniter.php(933): App\Controllers\PemesananMobil->create()
#9 C:\laragon\www\uts_webservice_pemesanan_mobil-server\system\CodeIgniter.php(509): CodeIgniter\CodeIgniter->runController(Object(App\Controllers\PemesananMobil))
#10 C:\laragon\www\uts_webservice_pemesanan_mobil-server\system\CodeIgniter.php(355): CodeIgniter\CodeIgniter->handleRequest(NULL, Object(Config\Cache), false)
#11 C:\laragon\www\uts_webservice_pemesanan_mobil-server\system\Boot.php(325): CodeIgniter\CodeIgniter->run()
#12 C:\laragon\www\uts_webservice_pemesanan_mobil-server\system\Boot.php(67): CodeIgniter\Boot::runCodeIgniter(Object(CodeIgniter\CodeIgniter))
#13 C:\laragon\www\uts_webservice_pemesanan_mobil-server\public\index.php(56): CodeIgniter\Boot::bootWeb(Object(Config\Paths))
#14 C:\laragon\www\uts_webservice_pemesanan_mobil-server\system\rewrite.php(44): require_once('C:\\laragon\\www\\...')
#15 {main}
CRITICAL - 2024-10-23 08:42:09 --> CodeIgniter\Database\Exceptions\DatabaseException: Duplicate entry '0' for key 'PRIMARY'
[Method: POST, Route: pemesananmobil/store]
in SYSTEMPATH\Database\BaseConnection.php on line 688.
 1 SYSTEMPATH\Database\BaseBuilder.php(2340): CodeIgniter\Database\BaseConnection->query('INSERT INTO `pemesanan_mobil` (`id_mobil`, `id_customer`, `id_sopir`, `tanggal_mulai`, `tanggal_selesai`, `total_harga`, `status_pemesanan`) VALUES (:id_mobil:, :id_customer:, :id_sopir:, :tanggal_mulai:, :tanggal_selesai:, :total_harga:, :status_pemesanan:)', [...], false)
 2 SYSTEMPATH\Model.php(394): CodeIgniter\Database\BaseBuilder->insert()
 3 SYSTEMPATH\BaseModel.php(840): CodeIgniter\Model->doInsert([...])
 4 SYSTEMPATH\Model.php(802): CodeIgniter\BaseModel->insert([...], true)
 5 APPPATH\Controllers\PemesananMobil.php(40): CodeIgniter\Model->insert([...])
 6 SYSTEMPATH\CodeIgniter.php(933): App\Controllers\PemesananMobil->create()
 7 SYSTEMPATH\CodeIgniter.php(509): CodeIgniter\CodeIgniter->runController(Object(App\Controllers\PemesananMobil))
 8 SYSTEMPATH\CodeIgniter.php(355): CodeIgniter\CodeIgniter->handleRequest(null, Object(Config\Cache), false)
 9 SYSTEMPATH\Boot.php(325): CodeIgniter\CodeIgniter->run()
10 SYSTEMPATH\Boot.php(67): CodeIgniter\Boot::runCodeIgniter(Object(CodeIgniter\CodeIgniter))
11 FCPATH\index.php(56): CodeIgniter\Boot::bootWeb(Object(Config\Paths))
12 SYSTEMPATH\rewrite.php(44): require_once('C:\\laragon\\www\\uts_webservice_pemesanan_mobil-server\\public\\index.php')
CRITICAL - 2024-10-23 08:42:09 --> [Caused by] CodeIgniter\Database\Exceptions\DatabaseException: Duplicate entry '0' for key 'PRIMARY'
in SYSTEMPATH\Database\MySQLi\Connection.php on line 317.
 1 SYSTEMPATH\Database\BaseConnection.php(734): CodeIgniter\Database\MySQLi\Connection->execute('INSERT INTO `pemesanan_mobil` (`id_mobil`, `id_customer`, `id_sopir`, `tanggal_mulai`, `tanggal_selesai`, `total_harga`, `status_pemesanan`) VALUES (\'2\', \'2\', \'2\', \'2024-10-16\', \'2024-10-25\', \'100000\', \'selesai\')')
 2 SYSTEMPATH\Database\BaseConnection.php(648): CodeIgniter\Database\BaseConnection->simpleQuery('INSERT INTO `pemesanan_mobil` (`id_mobil`, `id_customer`, `id_sopir`, `tanggal_mulai`, `tanggal_selesai`, `total_harga`, `status_pemesanan`) VALUES (\'2\', \'2\', \'2\', \'2024-10-16\', \'2024-10-25\', \'100000\', \'selesai\')')
 3 SYSTEMPATH\Database\BaseBuilder.php(2340): CodeIgniter\Database\BaseConnection->query('INSERT INTO `pemesanan_mobil` (`id_mobil`, `id_customer`, `id_sopir`, `tanggal_mulai`, `tanggal_selesai`, `total_harga`, `status_pemesanan`) VALUES (:id_mobil:, :id_customer:, :id_sopir:, :tanggal_mulai:, :tanggal_selesai:, :total_harga:, :status_pemesanan:)', [...], false)
 4 SYSTEMPATH\Model.php(394): CodeIgniter\Database\BaseBuilder->insert()
 5 SYSTEMPATH\BaseModel.php(840): CodeIgniter\Model->doInsert([...])
 6 SYSTEMPATH\Model.php(802): CodeIgniter\BaseModel->insert([...], true)
 7 APPPATH\Controllers\PemesananMobil.php(40): CodeIgniter\Model->insert([...])
 8 SYSTEMPATH\CodeIgniter.php(933): App\Controllers\PemesananMobil->create()
 9 SYSTEMPATH\CodeIgniter.php(509): CodeIgniter\CodeIgniter->runController(Object(App\Controllers\PemesananMobil))
10 SYSTEMPATH\CodeIgniter.php(355): CodeIgniter\CodeIgniter->handleRequest(null, Object(Config\Cache), false)
11 SYSTEMPATH\Boot.php(325): CodeIgniter\CodeIgniter->run()
12 SYSTEMPATH\Boot.php(67): CodeIgniter\Boot::runCodeIgniter(Object(CodeIgniter\CodeIgniter))
13 FCPATH\index.php(56): CodeIgniter\Boot::bootWeb(Object(Config\Paths))
14 SYSTEMPATH\rewrite.php(44): require_once('C:\\laragon\\www\\uts_webservice_pemesanan_mobil-server\\public\\index.php')
CRITICAL - 2024-10-23 08:42:09 --> [Caused by] mysqli_sql_exception: Duplicate entry '0' for key 'PRIMARY'
in SYSTEMPATH\Database\MySQLi\Connection.php on line 312.
 1 SYSTEMPATH\Database\MySQLi\Connection.php(312): mysqli->query('INSERT INTO `pemesanan_mobil` (`id_mobil`, `id_customer`, `id_sopir`, `tanggal_mulai`, `tanggal_selesai`, `total_harga`, `status_pemesanan`) VALUES (\'2\', \'2\', \'2\', \'2024-10-16\', \'2024-10-25\', \'100000\', \'selesai\')', 0)
 2 SYSTEMPATH\Database\BaseConnection.php(734): CodeIgniter\Database\MySQLi\Connection->execute('INSERT INTO `pemesanan_mobil` (`id_mobil`, `id_customer`, `id_sopir`, `tanggal_mulai`, `tanggal_selesai`, `total_harga`, `status_pemesanan`) VALUES (\'2\', \'2\', \'2\', \'2024-10-16\', \'2024-10-25\', \'100000\', \'selesai\')')
 3 SYSTEMPATH\Database\BaseConnection.php(648): CodeIgniter\Database\BaseConnection->simpleQuery('INSERT INTO `pemesanan_mobil` (`id_mobil`, `id_customer`, `id_sopir`, `tanggal_mulai`, `tanggal_selesai`, `total_harga`, `status_pemesanan`) VALUES (\'2\', \'2\', \'2\', \'2024-10-16\', \'2024-10-25\', \'100000\', \'selesai\')')
 4 SYSTEMPATH\Database\BaseBuilder.php(2340): CodeIgniter\Database\BaseConnection->query('INSERT INTO `pemesanan_mobil` (`id_mobil`, `id_customer`, `id_sopir`, `tanggal_mulai`, `tanggal_selesai`, `total_harga`, `status_pemesanan`) VALUES (:id_mobil:, :id_customer:, :id_sopir:, :tanggal_mulai:, :tanggal_selesai:, :total_harga:, :status_pemesanan:)', [...], false)
 5 SYSTEMPATH\Model.php(394): CodeIgniter\Database\BaseBuilder->insert()
 6 SYSTEMPATH\BaseModel.php(840): CodeIgniter\Model->doInsert([...])
 7 SYSTEMPATH\Model.php(802): CodeIgniter\BaseModel->insert([...], true)
 8 APPPATH\Controllers\PemesananMobil.php(40): CodeIgniter\Model->insert([...])
 9 SYSTEMPATH\CodeIgniter.php(933): App\Controllers\PemesananMobil->create()
10 SYSTEMPATH\CodeIgniter.php(509): CodeIgniter\CodeIgniter->runController(Object(App\Controllers\PemesananMobil))
11 SYSTEMPATH\CodeIgniter.php(355): CodeIgniter\CodeIgniter->handleRequest(null, Object(Config\Cache), false)
12 SYSTEMPATH\Boot.php(325): CodeIgniter\CodeIgniter->run()
13 SYSTEMPATH\Boot.php(67): CodeIgniter\Boot::runCodeIgniter(Object(CodeIgniter\CodeIgniter))
14 FCPATH\index.php(56): CodeIgniter\Boot::bootWeb(Object(Config\Paths))
15 SYSTEMPATH\rewrite.php(44): require_once('C:\\laragon\\www\\uts_webservice_pemesanan_mobil-server\\public\\index.php')
ERROR - 2024-10-23 08:44:03 --> mysqli_sql_exception: Duplicate entry '0' for key 'PRIMARY' in C:\laragon\www\uts_webservice_pemesanan_mobil-server\system\Database\MySQLi\Connection.php:312
Stack trace:
#0 C:\laragon\www\uts_webservice_pemesanan_mobil-server\system\Database\MySQLi\Connection.php(312): mysqli->query('INSERT INTO `pe...', 0)
#1 C:\laragon\www\uts_webservice_pemesanan_mobil-server\system\Database\BaseConnection.php(734): CodeIgniter\Database\MySQLi\Connection->execute('INSERT INTO `pe...')
#2 C:\laragon\www\uts_webservice_pemesanan_mobil-server\system\Database\BaseConnection.php(648): CodeIgniter\Database\BaseConnection->simpleQuery('INSERT INTO `pe...')
#3 C:\laragon\www\uts_webservice_pemesanan_mobil-server\system\Database\BaseBuilder.php(2340): CodeIgniter\Database\BaseConnection->query('INSERT INTO `pe...', Array, false)
#4 C:\laragon\www\uts_webservice_pemesanan_mobil-server\system\Model.php(394): CodeIgniter\Database\BaseBuilder->insert()
#5 C:\laragon\www\uts_webservice_pemesanan_mobil-server\system\BaseModel.php(840): CodeIgniter\Model->doInsert(Array)
#6 C:\laragon\www\uts_webservice_pemesanan_mobil-server\system\Model.php(802): CodeIgniter\BaseModel->insert(Array, true)
#7 C:\laragon\www\uts_webservice_pemesanan_mobil-server\app\Controllers\PemesananMobil.php(40): CodeIgniter\Model->insert(Array)
#8 C:\laragon\www\uts_webservice_pemesanan_mobil-server\system\CodeIgniter.php(933): App\Controllers\PemesananMobil->create()
#9 C:\laragon\www\uts_webservice_pemesanan_mobil-server\system\CodeIgniter.php(509): CodeIgniter\CodeIgniter->runController(Object(App\Controllers\PemesananMobil))
#10 C:\laragon\www\uts_webservice_pemesanan_mobil-server\system\CodeIgniter.php(355): CodeIgniter\CodeIgniter->handleRequest(NULL, Object(Config\Cache), false)
#11 C:\laragon\www\uts_webservice_pemesanan_mobil-server\system\Boot.php(325): CodeIgniter\CodeIgniter->run()
#12 C:\laragon\www\uts_webservice_pemesanan_mobil-server\system\Boot.php(67): CodeIgniter\Boot::runCodeIgniter(Object(CodeIgniter\CodeIgniter))
#13 C:\laragon\www\uts_webservice_pemesanan_mobil-server\public\index.php(56): CodeIgniter\Boot::bootWeb(Object(Config\Paths))
#14 C:\laragon\www\uts_webservice_pemesanan_mobil-server\system\rewrite.php(44): require_once('C:\\laragon\\www\\...')
#15 {main}
CRITICAL - 2024-10-23 08:44:03 --> CodeIgniter\Database\Exceptions\DatabaseException: Duplicate entry '0' for key 'PRIMARY'
[Method: POST, Route: pemesananmobil/store]
in SYSTEMPATH\Database\BaseConnection.php on line 688.
 1 SYSTEMPATH\Database\BaseBuilder.php(2340): CodeIgniter\Database\BaseConnection->query('INSERT INTO `pemesanan_mobil` (`id_mobil`, `id_customer`, `id_sopir`, `tanggal_mulai`, `tanggal_selesai`, `total_harga`, `status_pemesanan`) VALUES (:id_mobil:, :id_customer:, :id_sopir:, :tanggal_mulai:, :tanggal_selesai:, :total_harga:, :status_pemesanan:)', [...], false)
 2 SYSTEMPATH\Model.php(394): CodeIgniter\Database\BaseBuilder->insert()
 3 SYSTEMPATH\BaseModel.php(840): CodeIgniter\Model->doInsert([...])
 4 SYSTEMPATH\Model.php(802): CodeIgniter\BaseModel->insert([...], true)
 5 APPPATH\Controllers\PemesananMobil.php(40): CodeIgniter\Model->insert([...])
 6 SYSTEMPATH\CodeIgniter.php(933): App\Controllers\PemesananMobil->create()
 7 SYSTEMPATH\CodeIgniter.php(509): CodeIgniter\CodeIgniter->runController(Object(App\Controllers\PemesananMobil))
 8 SYSTEMPATH\CodeIgniter.php(355): CodeIgniter\CodeIgniter->handleRequest(null, Object(Config\Cache), false)
 9 SYSTEMPATH\Boot.php(325): CodeIgniter\CodeIgniter->run()
10 SYSTEMPATH\Boot.php(67): CodeIgniter\Boot::runCodeIgniter(Object(CodeIgniter\CodeIgniter))
11 FCPATH\index.php(56): CodeIgniter\Boot::bootWeb(Object(Config\Paths))
12 SYSTEMPATH\rewrite.php(44): require_once('C:\\laragon\\www\\uts_webservice_pemesanan_mobil-server\\public\\index.php')
CRITICAL - 2024-10-23 08:44:03 --> [Caused by] CodeIgniter\Database\Exceptions\DatabaseException: Duplicate entry '0' for key 'PRIMARY'
in SYSTEMPATH\Database\MySQLi\Connection.php on line 317.
 1 SYSTEMPATH\Database\BaseConnection.php(734): CodeIgniter\Database\MySQLi\Connection->execute('INSERT INTO `pemesanan_mobil` (`id_mobil`, `id_customer`, `id_sopir`, `tanggal_mulai`, `tanggal_selesai`, `total_harga`, `status_pemesanan`) VALUES (\'2\', \'2\', \'2\', \'2024-10-10\', \'2024-10-19\', \'100000\', \'selesai\')')
 2 SYSTEMPATH\Database\BaseConnection.php(648): CodeIgniter\Database\BaseConnection->simpleQuery('INSERT INTO `pemesanan_mobil` (`id_mobil`, `id_customer`, `id_sopir`, `tanggal_mulai`, `tanggal_selesai`, `total_harga`, `status_pemesanan`) VALUES (\'2\', \'2\', \'2\', \'2024-10-10\', \'2024-10-19\', \'100000\', \'selesai\')')
 3 SYSTEMPATH\Database\BaseBuilder.php(2340): CodeIgniter\Database\BaseConnection->query('INSERT INTO `pemesanan_mobil` (`id_mobil`, `id_customer`, `id_sopir`, `tanggal_mulai`, `tanggal_selesai`, `total_harga`, `status_pemesanan`) VALUES (:id_mobil:, :id_customer:, :id_sopir:, :tanggal_mulai:, :tanggal_selesai:, :total_harga:, :status_pemesanan:)', [...], false)
 4 SYSTEMPATH\Model.php(394): CodeIgniter\Database\BaseBuilder->insert()
 5 SYSTEMPATH\BaseModel.php(840): CodeIgniter\Model->doInsert([...])
 6 SYSTEMPATH\Model.php(802): CodeIgniter\BaseModel->insert([...], true)
 7 APPPATH\Controllers\PemesananMobil.php(40): CodeIgniter\Model->insert([...])
 8 SYSTEMPATH\CodeIgniter.php(933): App\Controllers\PemesananMobil->create()
 9 SYSTEMPATH\CodeIgniter.php(509): CodeIgniter\CodeIgniter->runController(Object(App\Controllers\PemesananMobil))
10 SYSTEMPATH\CodeIgniter.php(355): CodeIgniter\CodeIgniter->handleRequest(null, Object(Config\Cache), false)
11 SYSTEMPATH\Boot.php(325): CodeIgniter\CodeIgniter->run()
12 SYSTEMPATH\Boot.php(67): CodeIgniter\Boot::runCodeIgniter(Object(CodeIgniter\CodeIgniter))
13 FCPATH\index.php(56): CodeIgniter\Boot::bootWeb(Object(Config\Paths))
14 SYSTEMPATH\rewrite.php(44): require_once('C:\\laragon\\www\\uts_webservice_pemesanan_mobil-server\\public\\index.php')
CRITICAL - 2024-10-23 08:44:03 --> [Caused by] mysqli_sql_exception: Duplicate entry '0' for key 'PRIMARY'
in SYSTEMPATH\Database\MySQLi\Connection.php on line 312.
 1 SYSTEMPATH\Database\MySQLi\Connection.php(312): mysqli->query('INSERT INTO `pemesanan_mobil` (`id_mobil`, `id_customer`, `id_sopir`, `tanggal_mulai`, `tanggal_selesai`, `total_harga`, `status_pemesanan`) VALUES (\'2\', \'2\', \'2\', \'2024-10-10\', \'2024-10-19\', \'100000\', \'selesai\')', 0)
 2 SYSTEMPATH\Database\BaseConnection.php(734): CodeIgniter\Database\MySQLi\Connection->execute('INSERT INTO `pemesanan_mobil` (`id_mobil`, `id_customer`, `id_sopir`, `tanggal_mulai`, `tanggal_selesai`, `total_harga`, `status_pemesanan`) VALUES (\'2\', \'2\', \'2\', \'2024-10-10\', \'2024-10-19\', \'100000\', \'selesai\')')
 3 SYSTEMPATH\Database\BaseConnection.php(648): CodeIgniter\Database\BaseConnection->simpleQuery('INSERT INTO `pemesanan_mobil` (`id_mobil`, `id_customer`, `id_sopir`, `tanggal_mulai`, `tanggal_selesai`, `total_harga`, `status_pemesanan`) VALUES (\'2\', \'2\', \'2\', \'2024-10-10\', \'2024-10-19\', \'100000\', \'selesai\')')
 4 SYSTEMPATH\Database\BaseBuilder.php(2340): CodeIgniter\Database\BaseConnection->query('INSERT INTO `pemesanan_mobil` (`id_mobil`, `id_customer`, `id_sopir`, `tanggal_mulai`, `tanggal_selesai`, `total_harga`, `status_pemesanan`) VALUES (:id_mobil:, :id_customer:, :id_sopir:, :tanggal_mulai:, :tanggal_selesai:, :total_harga:, :status_pemesanan:)', [...], false)
 5 SYSTEMPATH\Model.php(394): CodeIgniter\Database\BaseBuilder->insert()
 6 SYSTEMPATH\BaseModel.php(840): CodeIgniter\Model->doInsert([...])
 7 SYSTEMPATH\Model.php(802): CodeIgniter\BaseModel->insert([...], true)
 8 APPPATH\Controllers\PemesananMobil.php(40): CodeIgniter\Model->insert([...])
 9 SYSTEMPATH\CodeIgniter.php(933): App\Controllers\PemesananMobil->create()
10 SYSTEMPATH\CodeIgniter.php(509): CodeIgniter\CodeIgniter->runController(Object(App\Controllers\PemesananMobil))
11 SYSTEMPATH\CodeIgniter.php(355): CodeIgniter\CodeIgniter->handleRequest(null, Object(Config\Cache), false)
12 SYSTEMPATH\Boot.php(325): CodeIgniter\CodeIgniter->run()
13 SYSTEMPATH\Boot.php(67): CodeIgniter\Boot::runCodeIgniter(Object(CodeIgniter\CodeIgniter))
14 FCPATH\index.php(56): CodeIgniter\Boot::bootWeb(Object(Config\Paths))
15 SYSTEMPATH\rewrite.php(44): require_once('C:\\laragon\\www\\uts_webservice_pemesanan_mobil-server\\public\\index.php')
CRITICAL - 2024-10-23 08:45:27 --> CodeIgniter\Database\Exceptions\DatabaseException: Deletes are not allowed unless they contain a "where" or "like" clause.
[Method: DELETE, Route: pemesananmobil/delete/0]
in SYSTEMPATH\Database\BaseBuilder.php on line 2814.
 1 SYSTEMPATH\Model.php(521): CodeIgniter\Database\BaseBuilder->delete()
 2 SYSTEMPATH\BaseModel.php(1158): CodeIgniter\Model->doDelete('0', false)
 3 APPPATH\Controllers\PemesananMobil.php(106): CodeIgniter\BaseModel->delete('0')
 4 SYSTEMPATH\CodeIgniter.php(933): App\Controllers\PemesananMobil->delete('0')
 5 SYSTEMPATH\CodeIgniter.php(509): CodeIgniter\CodeIgniter->runController(Object(App\Controllers\PemesananMobil))
 6 SYSTEMPATH\CodeIgniter.php(355): CodeIgniter\CodeIgniter->handleRequest(null, Object(Config\Cache), false)
 7 SYSTEMPATH\Boot.php(325): CodeIgniter\CodeIgniter->run()
 8 SYSTEMPATH\Boot.php(67): CodeIgniter\Boot::runCodeIgniter(Object(CodeIgniter\CodeIgniter))
 9 FCPATH\index.php(56): CodeIgniter\Boot::bootWeb(Object(Config\Paths))
10 SYSTEMPATH\rewrite.php(44): require_once('C:\\laragon\\www\\uts_webservice_pemesanan_mobil-server\\public\\index.php')
CRITICAL - 2024-10-23 08:45:37 --> CodeIgniter\Database\Exceptions\DatabaseException: Deletes are not allowed unless they contain a "where" or "like" clause.
[Method: DELETE, Route: pemesananmobil/delete/0]
in SYSTEMPATH\Database\BaseBuilder.php on line 2814.
 1 SYSTEMPATH\Model.php(521): CodeIgniter\Database\BaseBuilder->delete()
 2 SYSTEMPATH\BaseModel.php(1158): CodeIgniter\Model->doDelete('0', false)
 3 APPPATH\Controllers\PemesananMobil.php(106): CodeIgniter\BaseModel->delete('0')
 4 SYSTEMPATH\CodeIgniter.php(933): App\Controllers\PemesananMobil->delete('0')
 5 SYSTEMPATH\CodeIgniter.php(509): CodeIgniter\CodeIgniter->runController(Object(App\Controllers\PemesananMobil))
 6 SYSTEMPATH\CodeIgniter.php(355): CodeIgniter\CodeIgniter->handleRequest(null, Object(Config\Cache), false)
 7 SYSTEMPATH\Boot.php(325): CodeIgniter\CodeIgniter->run()
 8 SYSTEMPATH\Boot.php(67): CodeIgniter\Boot::runCodeIgniter(Object(CodeIgniter\CodeIgniter))
 9 FCPATH\index.php(56): CodeIgniter\Boot::bootWeb(Object(Config\Paths))
10 SYSTEMPATH\rewrite.php(44): require_once('C:\\laragon\\www\\uts_webservice_pemesanan_mobil-server\\public\\index.php')
CRITICAL - 2024-10-23 08:46:56 --> CodeIgniter\Database\Exceptions\DatabaseException: Deletes are not allowed unless they contain a "where" or "like" clause.
[Method: DELETE, Route: pemesananmobil/delete/0]
in SYSTEMPATH\Database\BaseBuilder.php on line 2814.
 1 SYSTEMPATH\Model.php(521): CodeIgniter\Database\BaseBuilder->delete()
 2 SYSTEMPATH\BaseModel.php(1158): CodeIgniter\Model->doDelete('0', false)
 3 APPPATH\Controllers\PemesananMobil.php(106): CodeIgniter\BaseModel->delete('0')
 4 SYSTEMPATH\CodeIgniter.php(933): App\Controllers\PemesananMobil->delete('0')
 5 SYSTEMPATH\CodeIgniter.php(509): CodeIgniter\CodeIgniter->runController(Object(App\Controllers\PemesananMobil))
 6 SYSTEMPATH\CodeIgniter.php(355): CodeIgniter\CodeIgniter->handleRequest(null, Object(Config\Cache), false)
 7 SYSTEMPATH\Boot.php(325): CodeIgniter\CodeIgniter->run()
 8 SYSTEMPATH\Boot.php(67): CodeIgniter\Boot::runCodeIgniter(Object(CodeIgniter\CodeIgniter))
 9 FCPATH\index.php(56): CodeIgniter\Boot::bootWeb(Object(Config\Paths))
10 SYSTEMPATH\rewrite.php(44): require_once('C:\\laragon\\www\\uts_webservice_pemesanan_mobil-server\\public\\index.php')
CRITICAL - 2024-10-23 08:47:30 --> CodeIgniter\Database\Exceptions\DatabaseException: Deletes are not allowed unless they contain a "where" or "like" clause.
[Method: DELETE, Route: pemesananmobil/delete/0]
in SYSTEMPATH\Database\BaseBuilder.php on line 2814.
 1 SYSTEMPATH\Model.php(521): CodeIgniter\Database\BaseBuilder->delete()
 2 SYSTEMPATH\BaseModel.php(1158): CodeIgniter\Model->doDelete('0', false)
 3 APPPATH\Controllers\PemesananMobil.php(106): CodeIgniter\BaseModel->delete('0')
 4 SYSTEMPATH\CodeIgniter.php(933): App\Controllers\PemesananMobil->delete('0')
 5 SYSTEMPATH\CodeIgniter.php(509): CodeIgniter\CodeIgniter->runController(Object(App\Controllers\PemesananMobil))
 6 SYSTEMPATH\CodeIgniter.php(355): CodeIgniter\CodeIgniter->handleRequest(null, Object(Config\Cache), false)
 7 SYSTEMPATH\Boot.php(325): CodeIgniter\CodeIgniter->run()
 8 SYSTEMPATH\Boot.php(67): CodeIgniter\Boot::runCodeIgniter(Object(CodeIgniter\CodeIgniter))
 9 FCPATH\index.php(56): CodeIgniter\Boot::bootWeb(Object(Config\Paths))
10 SYSTEMPATH\rewrite.php(44): require_once('C:\\laragon\\www\\uts_webservice_pemesanan_mobil-server\\public\\index.php')
CRITICAL - 2024-10-23 08:49:57 --> CodeIgniter\Database\Exceptions\DatabaseException: Deletes are not allowed unless they contain a "where" or "like" clause.
[Method: DELETE, Route: pemesananmobil/delete/0]
in SYSTEMPATH\Database\BaseBuilder.php on line 2814.
 1 SYSTEMPATH\Model.php(521): CodeIgniter\Database\BaseBuilder->delete()
 2 SYSTEMPATH\BaseModel.php(1158): CodeIgniter\Model->doDelete('0', false)
 3 APPPATH\Controllers\PemesananMobil.php(106): CodeIgniter\BaseModel->delete('0')
 4 SYSTEMPATH\CodeIgniter.php(933): App\Controllers\PemesananMobil->delete('0')
 5 SYSTEMPATH\CodeIgniter.php(509): CodeIgniter\CodeIgniter->runController(Object(App\Controllers\PemesananMobil))
 6 SYSTEMPATH\CodeIgniter.php(355): CodeIgniter\CodeIgniter->handleRequest(null, Object(Config\Cache), false)
 7 SYSTEMPATH\Boot.php(325): CodeIgniter\CodeIgniter->run()
 8 SYSTEMPATH\Boot.php(67): CodeIgniter\Boot::runCodeIgniter(Object(CodeIgniter\CodeIgniter))
 9 FCPATH\index.php(56): CodeIgniter\Boot::bootWeb(Object(Config\Paths))
10 SYSTEMPATH\rewrite.php(44): require_once('C:\\laragon\\www\\uts_webservice_pemesanan_mobil-server\\public\\index.php')
ERROR - 2024-10-23 08:52:26 --> mysqli_sql_exception: Duplicate entry '0' for key 'PRIMARY' in C:\laragon\www\uts_webservice_pemesanan_mobil-server\system\Database\MySQLi\Connection.php:312
Stack trace:
#0 C:\laragon\www\uts_webservice_pemesanan_mobil-server\system\Database\MySQLi\Connection.php(312): mysqli->query('INSERT INTO `pe...', 0)
#1 C:\laragon\www\uts_webservice_pemesanan_mobil-server\system\Database\BaseConnection.php(734): CodeIgniter\Database\MySQLi\Connection->execute('INSERT INTO `pe...')
#2 C:\laragon\www\uts_webservice_pemesanan_mobil-server\system\Database\BaseConnection.php(648): CodeIgniter\Database\BaseConnection->simpleQuery('INSERT INTO `pe...')
#3 C:\laragon\www\uts_webservice_pemesanan_mobil-server\system\Database\BaseBuilder.php(2340): CodeIgniter\Database\BaseConnection->query('INSERT INTO `pe...', Array, false)
#4 C:\laragon\www\uts_webservice_pemesanan_mobil-server\system\Model.php(394): CodeIgniter\Database\BaseBuilder->insert()
#5 C:\laragon\www\uts_webservice_pemesanan_mobil-server\system\BaseModel.php(840): CodeIgniter\Model->doInsert(Array)
#6 C:\laragon\www\uts_webservice_pemesanan_mobil-server\system\Model.php(802): CodeIgniter\BaseModel->insert(Array, true)
#7 C:\laragon\www\uts_webservice_pemesanan_mobil-server\app\Controllers\PemesananMobil.php(40): CodeIgniter\Model->insert(Array)
#8 C:\laragon\www\uts_webservice_pemesanan_mobil-server\system\CodeIgniter.php(933): App\Controllers\PemesananMobil->create()
#9 C:\laragon\www\uts_webservice_pemesanan_mobil-server\system\CodeIgniter.php(509): CodeIgniter\CodeIgniter->runController(Object(App\Controllers\PemesananMobil))
#10 C:\laragon\www\uts_webservice_pemesanan_mobil-server\system\CodeIgniter.php(355): CodeIgniter\CodeIgniter->handleRequest(NULL, Object(Config\Cache), false)
#11 C:\laragon\www\uts_webservice_pemesanan_mobil-server\system\Boot.php(325): CodeIgniter\CodeIgniter->run()
#12 C:\laragon\www\uts_webservice_pemesanan_mobil-server\system\Boot.php(67): CodeIgniter\Boot::runCodeIgniter(Object(CodeIgniter\CodeIgniter))
#13 C:\laragon\www\uts_webservice_pemesanan_mobil-server\public\index.php(56): CodeIgniter\Boot::bootWeb(Object(Config\Paths))
#14 C:\laragon\www\uts_webservice_pemesanan_mobil-server\system\rewrite.php(44): require_once('C:\\laragon\\www\\...')
#15 {main}
CRITICAL - 2024-10-23 08:52:26 --> CodeIgniter\Database\Exceptions\DatabaseException: Duplicate entry '0' for key 'PRIMARY'
[Method: POST, Route: pemesananmobil/store]
in SYSTEMPATH\Database\BaseConnection.php on line 688.
 1 SYSTEMPATH\Database\BaseBuilder.php(2340): CodeIgniter\Database\BaseConnection->query('INSERT INTO `pemesanan_mobil` (`id_mobil`, `id_customer`, `id_sopir`, `tanggal_mulai`, `tanggal_selesai`, `total_harga`, `status_pemesanan`) VALUES (:id_mobil:, :id_customer:, :id_sopir:, :tanggal_mulai:, :tanggal_selesai:, :total_harga:, :status_pemesanan:)', [...], false)
 2 SYSTEMPATH\Model.php(394): CodeIgniter\Database\BaseBuilder->insert()
 3 SYSTEMPATH\BaseModel.php(840): CodeIgniter\Model->doInsert([...])
 4 SYSTEMPATH\Model.php(802): CodeIgniter\BaseModel->insert([...], true)
 5 APPPATH\Controllers\PemesananMobil.php(40): CodeIgniter\Model->insert([...])
 6 SYSTEMPATH\CodeIgniter.php(933): App\Controllers\PemesananMobil->create()
 7 SYSTEMPATH\CodeIgniter.php(509): CodeIgniter\CodeIgniter->runController(Object(App\Controllers\PemesananMobil))
 8 SYSTEMPATH\CodeIgniter.php(355): CodeIgniter\CodeIgniter->handleRequest(null, Object(Config\Cache), false)
 9 SYSTEMPATH\Boot.php(325): CodeIgniter\CodeIgniter->run()
10 SYSTEMPATH\Boot.php(67): CodeIgniter\Boot::runCodeIgniter(Object(CodeIgniter\CodeIgniter))
11 FCPATH\index.php(56): CodeIgniter\Boot::bootWeb(Object(Config\Paths))
12 SYSTEMPATH\rewrite.php(44): require_once('C:\\laragon\\www\\uts_webservice_pemesanan_mobil-server\\public\\index.php')
CRITICAL - 2024-10-23 08:52:26 --> [Caused by] CodeIgniter\Database\Exceptions\DatabaseException: Duplicate entry '0' for key 'PRIMARY'
in SYSTEMPATH\Database\MySQLi\Connection.php on line 317.
 1 SYSTEMPATH\Database\BaseConnection.php(734): CodeIgniter\Database\MySQLi\Connection->execute('INSERT INTO `pemesanan_mobil` (`id_mobil`, `id_customer`, `id_sopir`, `tanggal_mulai`, `tanggal_selesai`, `total_harga`, `status_pemesanan`) VALUES (\'22\', \'44\', \'15\', \'2024-11-01\', \'2024-11-06\', \'2827299\', \'selesai\')')
 2 SYSTEMPATH\Database\BaseConnection.php(648): CodeIgniter\Database\BaseConnection->simpleQuery('INSERT INTO `pemesanan_mobil` (`id_mobil`, `id_customer`, `id_sopir`, `tanggal_mulai`, `tanggal_selesai`, `total_harga`, `status_pemesanan`) VALUES (\'22\', \'44\', \'15\', \'2024-11-01\', \'2024-11-06\', \'2827299\', \'selesai\')')
 3 SYSTEMPATH\Database\BaseBuilder.php(2340): CodeIgniter\Database\BaseConnection->query('INSERT INTO `pemesanan_mobil` (`id_mobil`, `id_customer`, `id_sopir`, `tanggal_mulai`, `tanggal_selesai`, `total_harga`, `status_pemesanan`) VALUES (:id_mobil:, :id_customer:, :id_sopir:, :tanggal_mulai:, :tanggal_selesai:, :total_harga:, :status_pemesanan:)', [...], false)
 4 SYSTEMPATH\Model.php(394): CodeIgniter\Database\BaseBuilder->insert()
 5 SYSTEMPATH\BaseModel.php(840): CodeIgniter\Model->doInsert([...])
 6 SYSTEMPATH\Model.php(802): CodeIgniter\BaseModel->insert([...], true)
 7 APPPATH\Controllers\PemesananMobil.php(40): CodeIgniter\Model->insert([...])
 8 SYSTEMPATH\CodeIgniter.php(933): App\Controllers\PemesananMobil->create()
 9 SYSTEMPATH\CodeIgniter.php(509): CodeIgniter\CodeIgniter->runController(Object(App\Controllers\PemesananMobil))
10 SYSTEMPATH\CodeIgniter.php(355): CodeIgniter\CodeIgniter->handleRequest(null, Object(Config\Cache), false)
11 SYSTEMPATH\Boot.php(325): CodeIgniter\CodeIgniter->run()
12 SYSTEMPATH\Boot.php(67): CodeIgniter\Boot::runCodeIgniter(Object(CodeIgniter\CodeIgniter))
13 FCPATH\index.php(56): CodeIgniter\Boot::bootWeb(Object(Config\Paths))
14 SYSTEMPATH\rewrite.php(44): require_once('C:\\laragon\\www\\uts_webservice_pemesanan_mobil-server\\public\\index.php')
CRITICAL - 2024-10-23 08:52:26 --> [Caused by] mysqli_sql_exception: Duplicate entry '0' for key 'PRIMARY'
in SYSTEMPATH\Database\MySQLi\Connection.php on line 312.
 1 SYSTEMPATH\Database\MySQLi\Connection.php(312): mysqli->query('INSERT INTO `pemesanan_mobil` (`id_mobil`, `id_customer`, `id_sopir`, `tanggal_mulai`, `tanggal_selesai`, `total_harga`, `status_pemesanan`) VALUES (\'22\', \'44\', \'15\', \'2024-11-01\', \'2024-11-06\', \'2827299\', \'selesai\')', 0)
 2 SYSTEMPATH\Database\BaseConnection.php(734): CodeIgniter\Database\MySQLi\Connection->execute('INSERT INTO `pemesanan_mobil` (`id_mobil`, `id_customer`, `id_sopir`, `tanggal_mulai`, `tanggal_selesai`, `total_harga`, `status_pemesanan`) VALUES (\'22\', \'44\', \'15\', \'2024-11-01\', \'2024-11-06\', \'2827299\', \'selesai\')')
 3 SYSTEMPATH\Database\BaseConnection.php(648): CodeIgniter\Database\BaseConnection->simpleQuery('INSERT INTO `pemesanan_mobil` (`id_mobil`, `id_customer`, `id_sopir`, `tanggal_mulai`, `tanggal_selesai`, `total_harga`, `status_pemesanan`) VALUES (\'22\', \'44\', \'15\', \'2024-11-01\', \'2024-11-06\', \'2827299\', \'selesai\')')
 4 SYSTEMPATH\Database\BaseBuilder.php(2340): CodeIgniter\Database\BaseConnection->query('INSERT INTO `pemesanan_mobil` (`id_mobil`, `id_customer`, `id_sopir`, `tanggal_mulai`, `tanggal_selesai`, `total_harga`, `status_pemesanan`) VALUES (:id_mobil:, :id_customer:, :id_sopir:, :tanggal_mulai:, :tanggal_selesai:, :total_harga:, :status_pemesanan:)', [...], false)
 5 SYSTEMPATH\Model.php(394): CodeIgniter\Database\BaseBuilder->insert()
 6 SYSTEMPATH\BaseModel.php(840): CodeIgniter\Model->doInsert([...])
 7 SYSTEMPATH\Model.php(802): CodeIgniter\BaseModel->insert([...], true)
 8 APPPATH\Controllers\PemesananMobil.php(40): CodeIgniter\Model->insert([...])
 9 SYSTEMPATH\CodeIgniter.php(933): App\Controllers\PemesananMobil->create()
10 SYSTEMPATH\CodeIgniter.php(509): CodeIgniter\CodeIgniter->runController(Object(App\Controllers\PemesananMobil))
11 SYSTEMPATH\CodeIgniter.php(355): CodeIgniter\CodeIgniter->handleRequest(null, Object(Config\Cache), false)
12 SYSTEMPATH\Boot.php(325): CodeIgniter\CodeIgniter->run()
13 SYSTEMPATH\Boot.php(67): CodeIgniter\Boot::runCodeIgniter(Object(CodeIgniter\CodeIgniter))
14 FCPATH\index.php(56): CodeIgniter\Boot::bootWeb(Object(Config\Paths))
15 SYSTEMPATH\rewrite.php(44): require_once('C:\\laragon\\www\\uts_webservice_pemesanan_mobil-server\\public\\index.php')
CRITICAL - 2024-10-23 08:52:44 --> CodeIgniter\Database\Exceptions\DatabaseException: Deletes are not allowed unless they contain a "where" or "like" clause.
[Method: DELETE, Route: pemesananmobil/delete/0]
in SYSTEMPATH\Database\BaseBuilder.php on line 2814.
 1 SYSTEMPATH\Model.php(521): CodeIgniter\Database\BaseBuilder->delete()
 2 SYSTEMPATH\BaseModel.php(1158): CodeIgniter\Model->doDelete('0', false)
 3 APPPATH\Controllers\PemesananMobil.php(106): CodeIgniter\BaseModel->delete('0')
 4 SYSTEMPATH\CodeIgniter.php(933): App\Controllers\PemesananMobil->delete('0')
 5 SYSTEMPATH\CodeIgniter.php(509): CodeIgniter\CodeIgniter->runController(Object(App\Controllers\PemesananMobil))
 6 SYSTEMPATH\CodeIgniter.php(355): CodeIgniter\CodeIgniter->handleRequest(null, Object(Config\Cache), false)
 7 SYSTEMPATH\Boot.php(325): CodeIgniter\CodeIgniter->run()
 8 SYSTEMPATH\Boot.php(67): CodeIgniter\Boot::runCodeIgniter(Object(CodeIgniter\CodeIgniter))
 9 FCPATH\index.php(56): CodeIgniter\Boot::bootWeb(Object(Config\Paths))
10 SYSTEMPATH\rewrite.php(44): require_once('C:\\laragon\\www\\uts_webservice_pemesanan_mobil-server\\public\\index.php')
CRITICAL - 2024-10-23 08:52:52 --> CodeIgniter\Database\Exceptions\DatabaseException: Deletes are not allowed unless they contain a "where" or "like" clause.
[Method: DELETE, Route: pemesananmobil/delete/0]
in SYSTEMPATH\Database\BaseBuilder.php on line 2814.
 1 SYSTEMPATH\Model.php(521): CodeIgniter\Database\BaseBuilder->delete()
 2 SYSTEMPATH\BaseModel.php(1158): CodeIgniter\Model->doDelete('0', false)
 3 APPPATH\Controllers\PemesananMobil.php(106): CodeIgniter\BaseModel->delete('0')
 4 SYSTEMPATH\CodeIgniter.php(933): App\Controllers\PemesananMobil->delete('0')
 5 SYSTEMPATH\CodeIgniter.php(509): CodeIgniter\CodeIgniter->runController(Object(App\Controllers\PemesananMobil))
 6 SYSTEMPATH\CodeIgniter.php(355): CodeIgniter\CodeIgniter->handleRequest(null, Object(Config\Cache), false)
 7 SYSTEMPATH\Boot.php(325): CodeIgniter\CodeIgniter->run()
 8 SYSTEMPATH\Boot.php(67): CodeIgniter\Boot::runCodeIgniter(Object(CodeIgniter\CodeIgniter))
 9 FCPATH\index.php(56): CodeIgniter\Boot::bootWeb(Object(Config\Paths))
10 SYSTEMPATH\rewrite.php(44): require_once('C:\\laragon\\www\\uts_webservice_pemesanan_mobil-server\\public\\index.php')
CRITICAL - 2024-10-23 08:53:27 --> CodeIgniter\Database\Exceptions\DatabaseException: Deletes are not allowed unless they contain a "where" or "like" clause.
[Method: DELETE, Route: pemesananmobil/delete/0]
in SYSTEMPATH\Database\BaseBuilder.php on line 2814.
 1 SYSTEMPATH\Model.php(521): CodeIgniter\Database\BaseBuilder->delete()
 2 SYSTEMPATH\BaseModel.php(1158): CodeIgniter\Model->doDelete('0', false)
 3 APPPATH\Controllers\PemesananMobil.php(106): CodeIgniter\BaseModel->delete('0')
 4 SYSTEMPATH\CodeIgniter.php(933): App\Controllers\PemesananMobil->delete('0')
 5 SYSTEMPATH\CodeIgniter.php(509): CodeIgniter\CodeIgniter->runController(Object(App\Controllers\PemesananMobil))
 6 SYSTEMPATH\CodeIgniter.php(355): CodeIgniter\CodeIgniter->handleRequest(null, Object(Config\Cache), false)
 7 SYSTEMPATH\Boot.php(325): CodeIgniter\CodeIgniter->run()
 8 SYSTEMPATH\Boot.php(67): CodeIgniter\Boot::runCodeIgniter(Object(CodeIgniter\CodeIgniter))
 9 FCPATH\index.php(56): CodeIgniter\Boot::bootWeb(Object(Config\Paths))
10 SYSTEMPATH\rewrite.php(44): require_once('C:\\laragon\\www\\uts_webservice_pemesanan_mobil-server\\public\\index.php')
CRITICAL - 2024-10-23 08:54:00 --> CodeIgniter\Database\Exceptions\DatabaseException: Deletes are not allowed unless they contain a "where" or "like" clause.
[Method: DELETE, Route: pemesananmobil/delete/0]
in SYSTEMPATH\Database\BaseBuilder.php on line 2814.
 1 SYSTEMPATH\Model.php(521): CodeIgniter\Database\BaseBuilder->delete()
 2 SYSTEMPATH\BaseModel.php(1158): CodeIgniter\Model->doDelete('0', false)
 3 APPPATH\Controllers\PemesananMobil.php(106): CodeIgniter\BaseModel->delete('0')
 4 SYSTEMPATH\CodeIgniter.php(933): App\Controllers\PemesananMobil->delete('0')
 5 SYSTEMPATH\CodeIgniter.php(509): CodeIgniter\CodeIgniter->runController(Object(App\Controllers\PemesananMobil))
 6 SYSTEMPATH\CodeIgniter.php(355): CodeIgniter\CodeIgniter->handleRequest(null, Object(Config\Cache), false)
 7 SYSTEMPATH\Boot.php(325): CodeIgniter\CodeIgniter->run()
 8 SYSTEMPATH\Boot.php(67): CodeIgniter\Boot::runCodeIgniter(Object(CodeIgniter\CodeIgniter))
 9 FCPATH\index.php(56): CodeIgniter\Boot::bootWeb(Object(Config\Paths))
10 SYSTEMPATH\rewrite.php(44): require_once('C:\\laragon\\www\\uts_webservice_pemesanan_mobil-server\\public\\index.php')
ERROR - 2024-10-23 08:54:46 --> mysqli_sql_exception: Duplicate entry '0' for key 'PRIMARY' in C:\laragon\www\uts_webservice_pemesanan_mobil-server\system\Database\MySQLi\Connection.php:312
Stack trace:
#0 C:\laragon\www\uts_webservice_pemesanan_mobil-server\system\Database\MySQLi\Connection.php(312): mysqli->query('INSERT INTO `pe...', 0)
#1 C:\laragon\www\uts_webservice_pemesanan_mobil-server\system\Database\BaseConnection.php(734): CodeIgniter\Database\MySQLi\Connection->execute('INSERT INTO `pe...')
#2 C:\laragon\www\uts_webservice_pemesanan_mobil-server\system\Database\BaseConnection.php(648): CodeIgniter\Database\BaseConnection->simpleQuery('INSERT INTO `pe...')
#3 C:\laragon\www\uts_webservice_pemesanan_mobil-server\system\Database\BaseBuilder.php(2340): CodeIgniter\Database\BaseConnection->query('INSERT INTO `pe...', Array, false)
#4 C:\laragon\www\uts_webservice_pemesanan_mobil-server\system\Model.php(394): CodeIgniter\Database\BaseBuilder->insert()
#5 C:\laragon\www\uts_webservice_pemesanan_mobil-server\system\BaseModel.php(840): CodeIgniter\Model->doInsert(Array)
#6 C:\laragon\www\uts_webservice_pemesanan_mobil-server\system\Model.php(802): CodeIgniter\BaseModel->insert(Array, true)
#7 C:\laragon\www\uts_webservice_pemesanan_mobil-server\app\Controllers\PemesananMobil.php(40): CodeIgniter\Model->insert(Array)
#8 C:\laragon\www\uts_webservice_pemesanan_mobil-server\system\CodeIgniter.php(933): App\Controllers\PemesananMobil->create()
#9 C:\laragon\www\uts_webservice_pemesanan_mobil-server\system\CodeIgniter.php(509): CodeIgniter\CodeIgniter->runController(Object(App\Controllers\PemesananMobil))
#10 C:\laragon\www\uts_webservice_pemesanan_mobil-server\system\CodeIgniter.php(355): CodeIgniter\CodeIgniter->handleRequest(NULL, Object(Config\Cache), false)
#11 C:\laragon\www\uts_webservice_pemesanan_mobil-server\system\Boot.php(325): CodeIgniter\CodeIgniter->run()
#12 C:\laragon\www\uts_webservice_pemesanan_mobil-server\system\Boot.php(67): CodeIgniter\Boot::runCodeIgniter(Object(CodeIgniter\CodeIgniter))
#13 C:\laragon\www\uts_webservice_pemesanan_mobil-server\public\index.php(56): CodeIgniter\Boot::bootWeb(Object(Config\Paths))
#14 C:\laragon\www\uts_webservice_pemesanan_mobil-server\system\rewrite.php(44): require_once('C:\\laragon\\www\\...')
#15 {main}
CRITICAL - 2024-10-23 08:54:46 --> CodeIgniter\Database\Exceptions\DatabaseException: Duplicate entry '0' for key 'PRIMARY'
[Method: POST, Route: pemesananmobil/store]
in SYSTEMPATH\Database\BaseConnection.php on line 688.
 1 SYSTEMPATH\Database\BaseBuilder.php(2340): CodeIgniter\Database\BaseConnection->query('INSERT INTO `pemesanan_mobil` (`id_mobil`, `id_customer`, `id_sopir`, `tanggal_mulai`, `tanggal_selesai`, `total_harga`, `status_pemesanan`) VALUES (:id_mobil:, :id_customer:, :id_sopir:, :tanggal_mulai:, :tanggal_selesai:, :total_harga:, :status_pemesanan:)', [...], false)
 2 SYSTEMPATH\Model.php(394): CodeIgniter\Database\BaseBuilder->insert()
 3 SYSTEMPATH\BaseModel.php(840): CodeIgniter\Model->doInsert([...])
 4 SYSTEMPATH\Model.php(802): CodeIgniter\BaseModel->insert([...], true)
 5 APPPATH\Controllers\PemesananMobil.php(40): CodeIgniter\Model->insert([...])
 6 SYSTEMPATH\CodeIgniter.php(933): App\Controllers\PemesananMobil->create()
 7 SYSTEMPATH\CodeIgniter.php(509): CodeIgniter\CodeIgniter->runController(Object(App\Controllers\PemesananMobil))
 8 SYSTEMPATH\CodeIgniter.php(355): CodeIgniter\CodeIgniter->handleRequest(null, Object(Config\Cache), false)
 9 SYSTEMPATH\Boot.php(325): CodeIgniter\CodeIgniter->run()
10 SYSTEMPATH\Boot.php(67): CodeIgniter\Boot::runCodeIgniter(Object(CodeIgniter\CodeIgniter))
11 FCPATH\index.php(56): CodeIgniter\Boot::bootWeb(Object(Config\Paths))
12 SYSTEMPATH\rewrite.php(44): require_once('C:\\laragon\\www\\uts_webservice_pemesanan_mobil-server\\public\\index.php')
CRITICAL - 2024-10-23 08:54:46 --> [Caused by] CodeIgniter\Database\Exceptions\DatabaseException: Duplicate entry '0' for key 'PRIMARY'
in SYSTEMPATH\Database\MySQLi\Connection.php on line 317.
 1 SYSTEMPATH\Database\BaseConnection.php(734): CodeIgniter\Database\MySQLi\Connection->execute('INSERT INTO `pemesanan_mobil` (`id_mobil`, `id_customer`, `id_sopir`, `tanggal_mulai`, `tanggal_selesai`, `total_harga`, `status_pemesanan`) VALUES (\'22\', \'44\', \'15\', \'2024-10-15\', \'2024-10-25\', \'2827299\', \'selesai\')')
 2 SYSTEMPATH\Database\BaseConnection.php(648): CodeIgniter\Database\BaseConnection->simpleQuery('INSERT INTO `pemesanan_mobil` (`id_mobil`, `id_customer`, `id_sopir`, `tanggal_mulai`, `tanggal_selesai`, `total_harga`, `status_pemesanan`) VALUES (\'22\', \'44\', \'15\', \'2024-10-15\', \'2024-10-25\', \'2827299\', \'selesai\')')
 3 SYSTEMPATH\Database\BaseBuilder.php(2340): CodeIgniter\Database\BaseConnection->query('INSERT INTO `pemesanan_mobil` (`id_mobil`, `id_customer`, `id_sopir`, `tanggal_mulai`, `tanggal_selesai`, `total_harga`, `status_pemesanan`) VALUES (:id_mobil:, :id_customer:, :id_sopir:, :tanggal_mulai:, :tanggal_selesai:, :total_harga:, :status_pemesanan:)', [...], false)
 4 SYSTEMPATH\Model.php(394): CodeIgniter\Database\BaseBuilder->insert()
 5 SYSTEMPATH\BaseModel.php(840): CodeIgniter\Model->doInsert([...])
 6 SYSTEMPATH\Model.php(802): CodeIgniter\BaseModel->insert([...], true)
 7 APPPATH\Controllers\PemesananMobil.php(40): CodeIgniter\Model->insert([...])
 8 SYSTEMPATH\CodeIgniter.php(933): App\Controllers\PemesananMobil->create()
 9 SYSTEMPATH\CodeIgniter.php(509): CodeIgniter\CodeIgniter->runController(Object(App\Controllers\PemesananMobil))
10 SYSTEMPATH\CodeIgniter.php(355): CodeIgniter\CodeIgniter->handleRequest(null, Object(Config\Cache), false)
11 SYSTEMPATH\Boot.php(325): CodeIgniter\CodeIgniter->run()
12 SYSTEMPATH\Boot.php(67): CodeIgniter\Boot::runCodeIgniter(Object(CodeIgniter\CodeIgniter))
13 FCPATH\index.php(56): CodeIgniter\Boot::bootWeb(Object(Config\Paths))
14 SYSTEMPATH\rewrite.php(44): require_once('C:\\laragon\\www\\uts_webservice_pemesanan_mobil-server\\public\\index.php')
CRITICAL - 2024-10-23 08:54:46 --> [Caused by] mysqli_sql_exception: Duplicate entry '0' for key 'PRIMARY'
in SYSTEMPATH\Database\MySQLi\Connection.php on line 312.
 1 SYSTEMPATH\Database\MySQLi\Connection.php(312): mysqli->query('INSERT INTO `pemesanan_mobil` (`id_mobil`, `id_customer`, `id_sopir`, `tanggal_mulai`, `tanggal_selesai`, `total_harga`, `status_pemesanan`) VALUES (\'22\', \'44\', \'15\', \'2024-10-15\', \'2024-10-25\', \'2827299\', \'selesai\')', 0)
 2 SYSTEMPATH\Database\BaseConnection.php(734): CodeIgniter\Database\MySQLi\Connection->execute('INSERT INTO `pemesanan_mobil` (`id_mobil`, `id_customer`, `id_sopir`, `tanggal_mulai`, `tanggal_selesai`, `total_harga`, `status_pemesanan`) VALUES (\'22\', \'44\', \'15\', \'2024-10-15\', \'2024-10-25\', \'2827299\', \'selesai\')')
 3 SYSTEMPATH\Database\BaseConnection.php(648): CodeIgniter\Database\BaseConnection->simpleQuery('INSERT INTO `pemesanan_mobil` (`id_mobil`, `id_customer`, `id_sopir`, `tanggal_mulai`, `tanggal_selesai`, `total_harga`, `status_pemesanan`) VALUES (\'22\', \'44\', \'15\', \'2024-10-15\', \'2024-10-25\', \'2827299\', \'selesai\')')
 4 SYSTEMPATH\Database\BaseBuilder.php(2340): CodeIgniter\Database\BaseConnection->query('INSERT INTO `pemesanan_mobil` (`id_mobil`, `id_customer`, `id_sopir`, `tanggal_mulai`, `tanggal_selesai`, `total_harga`, `status_pemesanan`) VALUES (:id_mobil:, :id_customer:, :id_sopir:, :tanggal_mulai:, :tanggal_selesai:, :total_harga:, :status_pemesanan:)', [...], false)
 5 SYSTEMPATH\Model.php(394): CodeIgniter\Database\BaseBuilder->insert()
 6 SYSTEMPATH\BaseModel.php(840): CodeIgniter\Model->doInsert([...])
 7 SYSTEMPATH\Model.php(802): CodeIgniter\BaseModel->insert([...], true)
 8 APPPATH\Controllers\PemesananMobil.php(40): CodeIgniter\Model->insert([...])
 9 SYSTEMPATH\CodeIgniter.php(933): App\Controllers\PemesananMobil->create()
10 SYSTEMPATH\CodeIgniter.php(509): CodeIgniter\CodeIgniter->runController(Object(App\Controllers\PemesananMobil))
11 SYSTEMPATH\CodeIgniter.php(355): CodeIgniter\CodeIgniter->handleRequest(null, Object(Config\Cache), false)
12 SYSTEMPATH\Boot.php(325): CodeIgniter\CodeIgniter->run()
13 SYSTEMPATH\Boot.php(67): CodeIgniter\Boot::runCodeIgniter(Object(CodeIgniter\CodeIgniter))
14 FCPATH\index.php(56): CodeIgniter\Boot::bootWeb(Object(Config\Paths))
15 SYSTEMPATH\rewrite.php(44): require_once('C:\\laragon\\www\\uts_webservice_pemesanan_mobil-server\\public\\index.php')
ERROR - 2024-10-23 08:55:39 --> mysqli_sql_exception: Duplicate entry '0' for key 'PRIMARY' in C:\laragon\www\uts_webservice_pemesanan_mobil-server\system\Database\MySQLi\Connection.php:312
Stack trace:
#0 C:\laragon\www\uts_webservice_pemesanan_mobil-server\system\Database\MySQLi\Connection.php(312): mysqli->query('INSERT INTO `pe...', 0)
#1 C:\laragon\www\uts_webservice_pemesanan_mobil-server\system\Database\BaseConnection.php(734): CodeIgniter\Database\MySQLi\Connection->execute('INSERT INTO `pe...')
#2 C:\laragon\www\uts_webservice_pemesanan_mobil-server\system\Database\BaseConnection.php(648): CodeIgniter\Database\BaseConnection->simpleQuery('INSERT INTO `pe...')
#3 C:\laragon\www\uts_webservice_pemesanan_mobil-server\system\Database\BaseBuilder.php(2340): CodeIgniter\Database\BaseConnection->query('INSERT INTO `pe...', Array, false)
#4 C:\laragon\www\uts_webservice_pemesanan_mobil-server\system\Model.php(394): CodeIgniter\Database\BaseBuilder->insert()
#5 C:\laragon\www\uts_webservice_pemesanan_mobil-server\system\BaseModel.php(840): CodeIgniter\Model->doInsert(Array)
#6 C:\laragon\www\uts_webservice_pemesanan_mobil-server\system\Model.php(802): CodeIgniter\BaseModel->insert(Array, true)
#7 C:\laragon\www\uts_webservice_pemesanan_mobil-server\app\Controllers\PemesananMobil.php(40): CodeIgniter\Model->insert(Array)
#8 C:\laragon\www\uts_webservice_pemesanan_mobil-server\system\CodeIgniter.php(933): App\Controllers\PemesananMobil->create()
#9 C:\laragon\www\uts_webservice_pemesanan_mobil-server\system\CodeIgniter.php(509): CodeIgniter\CodeIgniter->runController(Object(App\Controllers\PemesananMobil))
#10 C:\laragon\www\uts_webservice_pemesanan_mobil-server\system\CodeIgniter.php(355): CodeIgniter\CodeIgniter->handleRequest(NULL, Object(Config\Cache), false)
#11 C:\laragon\www\uts_webservice_pemesanan_mobil-server\system\Boot.php(325): CodeIgniter\CodeIgniter->run()
#12 C:\laragon\www\uts_webservice_pemesanan_mobil-server\system\Boot.php(67): CodeIgniter\Boot::runCodeIgniter(Object(CodeIgniter\CodeIgniter))
#13 C:\laragon\www\uts_webservice_pemesanan_mobil-server\public\index.php(56): CodeIgniter\Boot::bootWeb(Object(Config\Paths))
#14 C:\laragon\www\uts_webservice_pemesanan_mobil-server\system\rewrite.php(44): require_once('C:\\laragon\\www\\...')
#15 {main}
CRITICAL - 2024-10-23 08:55:39 --> CodeIgniter\Database\Exceptions\DatabaseException: Duplicate entry '0' for key 'PRIMARY'
[Method: POST, Route: pemesananmobil/store]
in SYSTEMPATH\Database\BaseConnection.php on line 688.
 1 SYSTEMPATH\Database\BaseBuilder.php(2340): CodeIgniter\Database\BaseConnection->query('INSERT INTO `pemesanan_mobil` (`id_mobil`, `id_customer`, `id_sopir`, `tanggal_mulai`, `tanggal_selesai`, `total_harga`, `status_pemesanan`) VALUES (:id_mobil:, :id_customer:, :id_sopir:, :tanggal_mulai:, :tanggal_selesai:, :total_harga:, :status_pemesanan:)', [...], false)
 2 SYSTEMPATH\Model.php(394): CodeIgniter\Database\BaseBuilder->insert()
 3 SYSTEMPATH\BaseModel.php(840): CodeIgniter\Model->doInsert([...])
 4 SYSTEMPATH\Model.php(802): CodeIgniter\BaseModel->insert([...], true)
 5 APPPATH\Controllers\PemesananMobil.php(40): CodeIgniter\Model->insert([...])
 6 SYSTEMPATH\CodeIgniter.php(933): App\Controllers\PemesananMobil->create()
 7 SYSTEMPATH\CodeIgniter.php(509): CodeIgniter\CodeIgniter->runController(Object(App\Controllers\PemesananMobil))
 8 SYSTEMPATH\CodeIgniter.php(355): CodeIgniter\CodeIgniter->handleRequest(null, Object(Config\Cache), false)
 9 SYSTEMPATH\Boot.php(325): CodeIgniter\CodeIgniter->run()
10 SYSTEMPATH\Boot.php(67): CodeIgniter\Boot::runCodeIgniter(Object(CodeIgniter\CodeIgniter))
11 FCPATH\index.php(56): CodeIgniter\Boot::bootWeb(Object(Config\Paths))
12 SYSTEMPATH\rewrite.php(44): require_once('C:\\laragon\\www\\uts_webservice_pemesanan_mobil-server\\public\\index.php')
CRITICAL - 2024-10-23 08:55:39 --> [Caused by] CodeIgniter\Database\Exceptions\DatabaseException: Duplicate entry '0' for key 'PRIMARY'
in SYSTEMPATH\Database\MySQLi\Connection.php on line 317.
 1 SYSTEMPATH\Database\BaseConnection.php(734): CodeIgniter\Database\MySQLi\Connection->execute('INSERT INTO `pemesanan_mobil` (`id_mobil`, `id_customer`, `id_sopir`, `tanggal_mulai`, `tanggal_selesai`, `total_harga`, `status_pemesanan`) VALUES (\'22\', \'44\', \'15\', \'2024-10-24\', \'2024-10-25\', \'2827299\', \'selesai\')')
 2 SYSTEMPATH\Database\BaseConnection.php(648): CodeIgniter\Database\BaseConnection->simpleQuery('INSERT INTO `pemesanan_mobil` (`id_mobil`, `id_customer`, `id_sopir`, `tanggal_mulai`, `tanggal_selesai`, `total_harga`, `status_pemesanan`) VALUES (\'22\', \'44\', \'15\', \'2024-10-24\', \'2024-10-25\', \'2827299\', \'selesai\')')
 3 SYSTEMPATH\Database\BaseBuilder.php(2340): CodeIgniter\Database\BaseConnection->query('INSERT INTO `pemesanan_mobil` (`id_mobil`, `id_customer`, `id_sopir`, `tanggal_mulai`, `tanggal_selesai`, `total_harga`, `status_pemesanan`) VALUES (:id_mobil:, :id_customer:, :id_sopir:, :tanggal_mulai:, :tanggal_selesai:, :total_harga:, :status_pemesanan:)', [...], false)
 4 SYSTEMPATH\Model.php(394): CodeIgniter\Database\BaseBuilder->insert()
 5 SYSTEMPATH\BaseModel.php(840): CodeIgniter\Model->doInsert([...])
 6 SYSTEMPATH\Model.php(802): CodeIgniter\BaseModel->insert([...], true)
 7 APPPATH\Controllers\PemesananMobil.php(40): CodeIgniter\Model->insert([...])
 8 SYSTEMPATH\CodeIgniter.php(933): App\Controllers\PemesananMobil->create()
 9 SYSTEMPATH\CodeIgniter.php(509): CodeIgniter\CodeIgniter->runController(Object(App\Controllers\PemesananMobil))
10 SYSTEMPATH\CodeIgniter.php(355): CodeIgniter\CodeIgniter->handleRequest(null, Object(Config\Cache), false)
11 SYSTEMPATH\Boot.php(325): CodeIgniter\CodeIgniter->run()
12 SYSTEMPATH\Boot.php(67): CodeIgniter\Boot::runCodeIgniter(Object(CodeIgniter\CodeIgniter))
13 FCPATH\index.php(56): CodeIgniter\Boot::bootWeb(Object(Config\Paths))
14 SYSTEMPATH\rewrite.php(44): require_once('C:\\laragon\\www\\uts_webservice_pemesanan_mobil-server\\public\\index.php')
CRITICAL - 2024-10-23 08:55:39 --> [Caused by] mysqli_sql_exception: Duplicate entry '0' for key 'PRIMARY'
in SYSTEMPATH\Database\MySQLi\Connection.php on line 312.
 1 SYSTEMPATH\Database\MySQLi\Connection.php(312): mysqli->query('INSERT INTO `pemesanan_mobil` (`id_mobil`, `id_customer`, `id_sopir`, `tanggal_mulai`, `tanggal_selesai`, `total_harga`, `status_pemesanan`) VALUES (\'22\', \'44\', \'15\', \'2024-10-24\', \'2024-10-25\', \'2827299\', \'selesai\')', 0)
 2 SYSTEMPATH\Database\BaseConnection.php(734): CodeIgniter\Database\MySQLi\Connection->execute('INSERT INTO `pemesanan_mobil` (`id_mobil`, `id_customer`, `id_sopir`, `tanggal_mulai`, `tanggal_selesai`, `total_harga`, `status_pemesanan`) VALUES (\'22\', \'44\', \'15\', \'2024-10-24\', \'2024-10-25\', \'2827299\', \'selesai\')')
 3 SYSTEMPATH\Database\BaseConnection.php(648): CodeIgniter\Database\BaseConnection->simpleQuery('INSERT INTO `pemesanan_mobil` (`id_mobil`, `id_customer`, `id_sopir`, `tanggal_mulai`, `tanggal_selesai`, `total_harga`, `status_pemesanan`) VALUES (\'22\', \'44\', \'15\', \'2024-10-24\', \'2024-10-25\', \'2827299\', \'selesai\')')
 4 SYSTEMPATH\Database\BaseBuilder.php(2340): CodeIgniter\Database\BaseConnection->query('INSERT INTO `pemesanan_mobil` (`id_mobil`, `id_customer`, `id_sopir`, `tanggal_mulai`, `tanggal_selesai`, `total_harga`, `status_pemesanan`) VALUES (:id_mobil:, :id_customer:, :id_sopir:, :tanggal_mulai:, :tanggal_selesai:, :total_harga:, :status_pemesanan:)', [...], false)
 5 SYSTEMPATH\Model.php(394): CodeIgniter\Database\BaseBuilder->insert()
 6 SYSTEMPATH\BaseModel.php(840): CodeIgniter\Model->doInsert([...])
 7 SYSTEMPATH\Model.php(802): CodeIgniter\BaseModel->insert([...], true)
 8 APPPATH\Controllers\PemesananMobil.php(40): CodeIgniter\Model->insert([...])
 9 SYSTEMPATH\CodeIgniter.php(933): App\Controllers\PemesananMobil->create()
10 SYSTEMPATH\CodeIgniter.php(509): CodeIgniter\CodeIgniter->runController(Object(App\Controllers\PemesananMobil))
11 SYSTEMPATH\CodeIgniter.php(355): CodeIgniter\CodeIgniter->handleRequest(null, Object(Config\Cache), false)
12 SYSTEMPATH\Boot.php(325): CodeIgniter\CodeIgniter->run()
13 SYSTEMPATH\Boot.php(67): CodeIgniter\Boot::runCodeIgniter(Object(CodeIgniter\CodeIgniter))
14 FCPATH\index.php(56): CodeIgniter\Boot::bootWeb(Object(Config\Paths))
15 SYSTEMPATH\rewrite.php(44): require_once('C:\\laragon\\www\\uts_webservice_pemesanan_mobil-server\\public\\index.php')
CRITICAL - 2024-10-23 08:56:44 --> CodeIgniter\Database\Exceptions\DatabaseException: Deletes are not allowed unless they contain a "where" or "like" clause.
[Method: DELETE, Route: pemesananmobil/delete/0]
in SYSTEMPATH\Database\BaseBuilder.php on line 2814.
 1 SYSTEMPATH\Model.php(521): CodeIgniter\Database\BaseBuilder->delete()
 2 SYSTEMPATH\BaseModel.php(1158): CodeIgniter\Model->doDelete('0', false)
 3 APPPATH\Controllers\PemesananMobil.php(106): CodeIgniter\BaseModel->delete('0')
 4 SYSTEMPATH\CodeIgniter.php(933): App\Controllers\PemesananMobil->delete('0')
 5 SYSTEMPATH\CodeIgniter.php(509): CodeIgniter\CodeIgniter->runController(Object(App\Controllers\PemesananMobil))
 6 SYSTEMPATH\CodeIgniter.php(355): CodeIgniter\CodeIgniter->handleRequest(null, Object(Config\Cache), false)
 7 SYSTEMPATH\Boot.php(325): CodeIgniter\CodeIgniter->run()
 8 SYSTEMPATH\Boot.php(67): CodeIgniter\Boot::runCodeIgniter(Object(CodeIgniter\CodeIgniter))
 9 FCPATH\index.php(56): CodeIgniter\Boot::bootWeb(Object(Config\Paths))
10 SYSTEMPATH\rewrite.php(44): require_once('C:\\laragon\\www\\uts_webservice_pemesanan_mobil-server\\public\\index.php')
CRITICAL - 2024-10-23 08:57:02 --> CodeIgniter\Database\Exceptions\DatabaseException: Deletes are not allowed unless they contain a "where" or "like" clause.
[Method: DELETE, Route: pemesananmobil/delete/0]
in SYSTEMPATH\Database\BaseBuilder.php on line 2814.
 1 SYSTEMPATH\Model.php(521): CodeIgniter\Database\BaseBuilder->delete()
 2 SYSTEMPATH\BaseModel.php(1158): CodeIgniter\Model->doDelete('0', false)
 3 APPPATH\Controllers\PemesananMobil.php(106): CodeIgniter\BaseModel->delete('0')
 4 SYSTEMPATH\CodeIgniter.php(933): App\Controllers\PemesananMobil->delete('0')
 5 SYSTEMPATH\CodeIgniter.php(509): CodeIgniter\CodeIgniter->runController(Object(App\Controllers\PemesananMobil))
 6 SYSTEMPATH\CodeIgniter.php(355): CodeIgniter\CodeIgniter->handleRequest(null, Object(Config\Cache), false)
 7 SYSTEMPATH\Boot.php(325): CodeIgniter\CodeIgniter->run()
 8 SYSTEMPATH\Boot.php(67): CodeIgniter\Boot::runCodeIgniter(Object(CodeIgniter\CodeIgniter))
 9 FCPATH\index.php(56): CodeIgniter\Boot::bootWeb(Object(Config\Paths))
10 SYSTEMPATH\rewrite.php(44): require_once('C:\\laragon\\www\\uts_webservice_pemesanan_mobil-server\\public\\index.php')
ERROR - 2024-10-23 08:57:53 --> mysqli_sql_exception: Duplicate entry '0' for key 'PRIMARY' in C:\laragon\www\uts_webservice_pemesanan_mobil-server\system\Database\MySQLi\Connection.php:312
Stack trace:
#0 C:\laragon\www\uts_webservice_pemesanan_mobil-server\system\Database\MySQLi\Connection.php(312): mysqli->query('INSERT INTO `pe...', 0)
#1 C:\laragon\www\uts_webservice_pemesanan_mobil-server\system\Database\BaseConnection.php(734): CodeIgniter\Database\MySQLi\Connection->execute('INSERT INTO `pe...')
#2 C:\laragon\www\uts_webservice_pemesanan_mobil-server\system\Database\BaseConnection.php(648): CodeIgniter\Database\BaseConnection->simpleQuery('INSERT INTO `pe...')
#3 C:\laragon\www\uts_webservice_pemesanan_mobil-server\system\Database\BaseBuilder.php(2340): CodeIgniter\Database\BaseConnection->query('INSERT INTO `pe...', Array, false)
#4 C:\laragon\www\uts_webservice_pemesanan_mobil-server\system\Model.php(394): CodeIgniter\Database\BaseBuilder->insert()
#5 C:\laragon\www\uts_webservice_pemesanan_mobil-server\system\BaseModel.php(840): CodeIgniter\Model->doInsert(Array)
#6 C:\laragon\www\uts_webservice_pemesanan_mobil-server\system\Model.php(802): CodeIgniter\BaseModel->insert(Array, true)
#7 C:\laragon\www\uts_webservice_pemesanan_mobil-server\app\Controllers\PemesananMobil.php(40): CodeIgniter\Model->insert(Array)
#8 C:\laragon\www\uts_webservice_pemesanan_mobil-server\system\CodeIgniter.php(933): App\Controllers\PemesananMobil->create()
#9 C:\laragon\www\uts_webservice_pemesanan_mobil-server\system\CodeIgniter.php(509): CodeIgniter\CodeIgniter->runController(Object(App\Controllers\PemesananMobil))
#10 C:\laragon\www\uts_webservice_pemesanan_mobil-server\system\CodeIgniter.php(355): CodeIgniter\CodeIgniter->handleRequest(NULL, Object(Config\Cache), false)
#11 C:\laragon\www\uts_webservice_pemesanan_mobil-server\system\Boot.php(325): CodeIgniter\CodeIgniter->run()
#12 C:\laragon\www\uts_webservice_pemesanan_mobil-server\system\Boot.php(67): CodeIgniter\Boot::runCodeIgniter(Object(CodeIgniter\CodeIgniter))
#13 C:\laragon\www\uts_webservice_pemesanan_mobil-server\public\index.php(56): CodeIgniter\Boot::bootWeb(Object(Config\Paths))
#14 C:\laragon\www\uts_webservice_pemesanan_mobil-server\system\rewrite.php(44): require_once('C:\\laragon\\www\\...')
#15 {main}
CRITICAL - 2024-10-23 08:57:53 --> CodeIgniter\Database\Exceptions\DatabaseException: Duplicate entry '0' for key 'PRIMARY'
[Method: POST, Route: pemesananmobil/store]
in SYSTEMPATH\Database\BaseConnection.php on line 688.
 1 SYSTEMPATH\Database\BaseBuilder.php(2340): CodeIgniter\Database\BaseConnection->query('INSERT INTO `pemesanan_mobil` (`id_mobil`, `id_customer`, `id_sopir`, `tanggal_mulai`, `tanggal_selesai`, `total_harga`, `status_pemesanan`) VALUES (:id_mobil:, :id_customer:, :id_sopir:, :tanggal_mulai:, :tanggal_selesai:, :total_harga:, :status_pemesanan:)', [...], false)
 2 SYSTEMPATH\Model.php(394): CodeIgniter\Database\BaseBuilder->insert()
 3 SYSTEMPATH\BaseModel.php(840): CodeIgniter\Model->doInsert([...])
 4 SYSTEMPATH\Model.php(802): CodeIgniter\BaseModel->insert([...], true)
 5 APPPATH\Controllers\PemesananMobil.php(40): CodeIgniter\Model->insert([...])
 6 SYSTEMPATH\CodeIgniter.php(933): App\Controllers\PemesananMobil->create()
 7 SYSTEMPATH\CodeIgniter.php(509): CodeIgniter\CodeIgniter->runController(Object(App\Controllers\PemesananMobil))
 8 SYSTEMPATH\CodeIgniter.php(355): CodeIgniter\CodeIgniter->handleRequest(null, Object(Config\Cache), false)
 9 SYSTEMPATH\Boot.php(325): CodeIgniter\CodeIgniter->run()
10 SYSTEMPATH\Boot.php(67): CodeIgniter\Boot::runCodeIgniter(Object(CodeIgniter\CodeIgniter))
11 FCPATH\index.php(56): CodeIgniter\Boot::bootWeb(Object(Config\Paths))
12 SYSTEMPATH\rewrite.php(44): require_once('C:\\laragon\\www\\uts_webservice_pemesanan_mobil-server\\public\\index.php')
CRITICAL - 2024-10-23 08:57:53 --> [Caused by] CodeIgniter\Database\Exceptions\DatabaseException: Duplicate entry '0' for key 'PRIMARY'
in SYSTEMPATH\Database\MySQLi\Connection.php on line 317.
 1 SYSTEMPATH\Database\BaseConnection.php(734): CodeIgniter\Database\MySQLi\Connection->execute('INSERT INTO `pemesanan_mobil` (`id_mobil`, `id_customer`, `id_sopir`, `tanggal_mulai`, `tanggal_selesai`, `total_harga`, `status_pemesanan`) VALUES (\'22\', \'44\', \'15\', \'2024-10-24\', \'2024-10-25\', \'2827299\', \'selesai\')')
 2 SYSTEMPATH\Database\BaseConnection.php(648): CodeIgniter\Database\BaseConnection->simpleQuery('INSERT INTO `pemesanan_mobil` (`id_mobil`, `id_customer`, `id_sopir`, `tanggal_mulai`, `tanggal_selesai`, `total_harga`, `status_pemesanan`) VALUES (\'22\', \'44\', \'15\', \'2024-10-24\', \'2024-10-25\', \'2827299\', \'selesai\')')
 3 SYSTEMPATH\Database\BaseBuilder.php(2340): CodeIgniter\Database\BaseConnection->query('INSERT INTO `pemesanan_mobil` (`id_mobil`, `id_customer`, `id_sopir`, `tanggal_mulai`, `tanggal_selesai`, `total_harga`, `status_pemesanan`) VALUES (:id_mobil:, :id_customer:, :id_sopir:, :tanggal_mulai:, :tanggal_selesai:, :total_harga:, :status_pemesanan:)', [...], false)
 4 SYSTEMPATH\Model.php(394): CodeIgniter\Database\BaseBuilder->insert()
 5 SYSTEMPATH\BaseModel.php(840): CodeIgniter\Model->doInsert([...])
 6 SYSTEMPATH\Model.php(802): CodeIgniter\BaseModel->insert([...], true)
 7 APPPATH\Controllers\PemesananMobil.php(40): CodeIgniter\Model->insert([...])
 8 SYSTEMPATH\CodeIgniter.php(933): App\Controllers\PemesananMobil->create()
 9 SYSTEMPATH\CodeIgniter.php(509): CodeIgniter\CodeIgniter->runController(Object(App\Controllers\PemesananMobil))
10 SYSTEMPATH\CodeIgniter.php(355): CodeIgniter\CodeIgniter->handleRequest(null, Object(Config\Cache), false)
11 SYSTEMPATH\Boot.php(325): CodeIgniter\CodeIgniter->run()
12 SYSTEMPATH\Boot.php(67): CodeIgniter\Boot::runCodeIgniter(Object(CodeIgniter\CodeIgniter))
13 FCPATH\index.php(56): CodeIgniter\Boot::bootWeb(Object(Config\Paths))
14 SYSTEMPATH\rewrite.php(44): require_once('C:\\laragon\\www\\uts_webservice_pemesanan_mobil-server\\public\\index.php')
CRITICAL - 2024-10-23 08:57:53 --> [Caused by] mysqli_sql_exception: Duplicate entry '0' for key 'PRIMARY'
in SYSTEMPATH\Database\MySQLi\Connection.php on line 312.
 1 SYSTEMPATH\Database\MySQLi\Connection.php(312): mysqli->query('INSERT INTO `pemesanan_mobil` (`id_mobil`, `id_customer`, `id_sopir`, `tanggal_mulai`, `tanggal_selesai`, `total_harga`, `status_pemesanan`) VALUES (\'22\', \'44\', \'15\', \'2024-10-24\', \'2024-10-25\', \'2827299\', \'selesai\')', 0)
 2 SYSTEMPATH\Database\BaseConnection.php(734): CodeIgniter\Database\MySQLi\Connection->execute('INSERT INTO `pemesanan_mobil` (`id_mobil`, `id_customer`, `id_sopir`, `tanggal_mulai`, `tanggal_selesai`, `total_harga`, `status_pemesanan`) VALUES (\'22\', \'44\', \'15\', \'2024-10-24\', \'2024-10-25\', \'2827299\', \'selesai\')')
 3 SYSTEMPATH\Database\BaseConnection.php(648): CodeIgniter\Database\BaseConnection->simpleQuery('INSERT INTO `pemesanan_mobil` (`id_mobil`, `id_customer`, `id_sopir`, `tanggal_mulai`, `tanggal_selesai`, `total_harga`, `status_pemesanan`) VALUES (\'22\', \'44\', \'15\', \'2024-10-24\', \'2024-10-25\', \'2827299\', \'selesai\')')
 4 SYSTEMPATH\Database\BaseBuilder.php(2340): CodeIgniter\Database\BaseConnection->query('INSERT INTO `pemesanan_mobil` (`id_mobil`, `id_customer`, `id_sopir`, `tanggal_mulai`, `tanggal_selesai`, `total_harga`, `status_pemesanan`) VALUES (:id_mobil:, :id_customer:, :id_sopir:, :tanggal_mulai:, :tanggal_selesai:, :total_harga:, :status_pemesanan:)', [...], false)
 5 SYSTEMPATH\Model.php(394): CodeIgniter\Database\BaseBuilder->insert()
 6 SYSTEMPATH\BaseModel.php(840): CodeIgniter\Model->doInsert([...])
 7 SYSTEMPATH\Model.php(802): CodeIgniter\BaseModel->insert([...], true)
 8 APPPATH\Controllers\PemesananMobil.php(40): CodeIgniter\Model->insert([...])
 9 SYSTEMPATH\CodeIgniter.php(933): App\Controllers\PemesananMobil->create()
10 SYSTEMPATH\CodeIgniter.php(509): CodeIgniter\CodeIgniter->runController(Object(App\Controllers\PemesananMobil))
11 SYSTEMPATH\CodeIgniter.php(355): CodeIgniter\CodeIgniter->handleRequest(null, Object(Config\Cache), false)
12 SYSTEMPATH\Boot.php(325): CodeIgniter\CodeIgniter->run()
13 SYSTEMPATH\Boot.php(67): CodeIgniter\Boot::runCodeIgniter(Object(CodeIgniter\CodeIgniter))
14 FCPATH\index.php(56): CodeIgniter\Boot::bootWeb(Object(Config\Paths))
15 SYSTEMPATH\rewrite.php(44): require_once('C:\\laragon\\www\\uts_webservice_pemesanan_mobil-server\\public\\index.php')
CRITICAL - 2024-10-23 08:59:37 --> CodeIgniter\Database\Exceptions\DatabaseException: Deletes are not allowed unless they contain a "where" or "like" clause.
[Method: DELETE, Route: pemesananmobil/delete/0]
in SYSTEMPATH\Database\BaseBuilder.php on line 2814.
 1 SYSTEMPATH\Model.php(521): CodeIgniter\Database\BaseBuilder->delete()
 2 SYSTEMPATH\BaseModel.php(1158): CodeIgniter\Model->doDelete('0', false)
 3 APPPATH\Controllers\PemesananMobil.php(106): CodeIgniter\BaseModel->delete('0')
 4 SYSTEMPATH\CodeIgniter.php(933): App\Controllers\PemesananMobil->delete('0')
 5 SYSTEMPATH\CodeIgniter.php(509): CodeIgniter\CodeIgniter->runController(Object(App\Controllers\PemesananMobil))
 6 SYSTEMPATH\CodeIgniter.php(355): CodeIgniter\CodeIgniter->handleRequest(null, Object(Config\Cache), false)
 7 SYSTEMPATH\Boot.php(325): CodeIgniter\CodeIgniter->run()
 8 SYSTEMPATH\Boot.php(67): CodeIgniter\Boot::runCodeIgniter(Object(CodeIgniter\CodeIgniter))
 9 FCPATH\index.php(56): CodeIgniter\Boot::bootWeb(Object(Config\Paths))
10 SYSTEMPATH\rewrite.php(44): require_once('C:\\laragon\\www\\uts_webservice_pemesanan_mobil-server\\public\\index.php')
CRITICAL - 2024-10-23 09:01:46 --> CodeIgniter\Database\Exceptions\DatabaseException: Deletes are not allowed unless they contain a "where" or "like" clause.
[Method: DELETE, Route: pemesananmobil/delete/0]
in SYSTEMPATH\Database\BaseBuilder.php on line 2814.
 1 SYSTEMPATH\Model.php(521): CodeIgniter\Database\BaseBuilder->delete()
 2 SYSTEMPATH\BaseModel.php(1158): CodeIgniter\Model->doDelete('0', false)
 3 APPPATH\Controllers\PemesananMobil.php(107): CodeIgniter\BaseModel->delete('0')
 4 SYSTEMPATH\CodeIgniter.php(933): App\Controllers\PemesananMobil->delete('0')
 5 SYSTEMPATH\CodeIgniter.php(509): CodeIgniter\CodeIgniter->runController(Object(App\Controllers\PemesananMobil))
 6 SYSTEMPATH\CodeIgniter.php(355): CodeIgniter\CodeIgniter->handleRequest(null, Object(Config\Cache), false)
 7 SYSTEMPATH\Boot.php(325): CodeIgniter\CodeIgniter->run()
 8 SYSTEMPATH\Boot.php(67): CodeIgniter\Boot::runCodeIgniter(Object(CodeIgniter\CodeIgniter))
 9 FCPATH\index.php(56): CodeIgniter\Boot::bootWeb(Object(Config\Paths))
10 SYSTEMPATH\rewrite.php(44): require_once('C:\\laragon\\www\\uts_webservice_pemesanan_mobil-server\\public\\index.php')
ERROR - 2024-10-23 09:47:04 --> mysqli_sql_exception: Duplicate entry '2' for key 'PRIMARY' in C:\laragon\www\uts_webservice_pemesanan_mobil-server\system\Database\MySQLi\Connection.php:312
Stack trace:
#0 C:\laragon\www\uts_webservice_pemesanan_mobil-server\system\Database\MySQLi\Connection.php(312): mysqli->query('INSERT INTO `pe...', 0)
#1 C:\laragon\www\uts_webservice_pemesanan_mobil-server\system\Database\BaseConnection.php(734): CodeIgniter\Database\MySQLi\Connection->execute('INSERT INTO `pe...')
#2 C:\laragon\www\uts_webservice_pemesanan_mobil-server\system\Database\BaseConnection.php(648): CodeIgniter\Database\BaseConnection->simpleQuery('INSERT INTO `pe...')
#3 C:\laragon\www\uts_webservice_pemesanan_mobil-server\system\Database\BaseBuilder.php(2340): CodeIgniter\Database\BaseConnection->query('INSERT INTO `pe...', Array, false)
#4 C:\laragon\www\uts_webservice_pemesanan_mobil-server\system\Model.php(394): CodeIgniter\Database\BaseBuilder->insert()
#5 C:\laragon\www\uts_webservice_pemesanan_mobil-server\system\BaseModel.php(840): CodeIgniter\Model->doInsert(Array)
#6 C:\laragon\www\uts_webservice_pemesanan_mobil-server\system\Model.php(802): CodeIgniter\BaseModel->insert(Array, true)
#7 C:\laragon\www\uts_webservice_pemesanan_mobil-server\app\Controllers\PemesananMobil.php(41): CodeIgniter\Model->insert(Array)
#8 C:\laragon\www\uts_webservice_pemesanan_mobil-server\system\CodeIgniter.php(933): App\Controllers\PemesananMobil->create()
#9 C:\laragon\www\uts_webservice_pemesanan_mobil-server\system\CodeIgniter.php(509): CodeIgniter\CodeIgniter->runController(Object(App\Controllers\PemesananMobil))
#10 C:\laragon\www\uts_webservice_pemesanan_mobil-server\system\CodeIgniter.php(355): CodeIgniter\CodeIgniter->handleRequest(NULL, Object(Config\Cache), false)
#11 C:\laragon\www\uts_webservice_pemesanan_mobil-server\system\Boot.php(325): CodeIgniter\CodeIgniter->run()
#12 C:\laragon\www\uts_webservice_pemesanan_mobil-server\system\Boot.php(67): CodeIgniter\Boot::runCodeIgniter(Object(CodeIgniter\CodeIgniter))
#13 C:\laragon\www\uts_webservice_pemesanan_mobil-server\public\index.php(56): CodeIgniter\Boot::bootWeb(Object(Config\Paths))
#14 C:\laragon\www\uts_webservice_pemesanan_mobil-server\system\rewrite.php(44): require_once('C:\\laragon\\www\\...')
#15 {main}
CRITICAL - 2024-10-23 09:47:04 --> CodeIgniter\Database\Exceptions\DatabaseException: Duplicate entry '2' for key 'PRIMARY'
[Method: POST, Route: pemesananmobil/store]
in SYSTEMPATH\Database\BaseConnection.php on line 688.
 1 SYSTEMPATH\Database\BaseBuilder.php(2340): CodeIgniter\Database\BaseConnection->query('INSERT INTO `pemesanan_mobil` (`id_pemesanan`, `id_mobil`, `id_customer`, `id_sopir`, `tanggal_mulai`, `tanggal_selesai`, `total_harga`, `status_pemesanan`) VALUES (:id_pemesanan:, :id_mobil:, :id_customer:, :id_sopir:, :tanggal_mulai:, :tanggal_selesai:, :total_harga:, :status_pemesanan:)', [...], false)
 2 SYSTEMPATH\Model.php(394): CodeIgniter\Database\BaseBuilder->insert()
 3 SYSTEMPATH\BaseModel.php(840): CodeIgniter\Model->doInsert([...])
 4 SYSTEMPATH\Model.php(802): CodeIgniter\BaseModel->insert([...], true)
 5 APPPATH\Controllers\PemesananMobil.php(41): CodeIgniter\Model->insert([...])
 6 SYSTEMPATH\CodeIgniter.php(933): App\Controllers\PemesananMobil->create()
 7 SYSTEMPATH\CodeIgniter.php(509): CodeIgniter\CodeIgniter->runController(Object(App\Controllers\PemesananMobil))
 8 SYSTEMPATH\CodeIgniter.php(355): CodeIgniter\CodeIgniter->handleRequest(null, Object(Config\Cache), false)
 9 SYSTEMPATH\Boot.php(325): CodeIgniter\CodeIgniter->run()
10 SYSTEMPATH\Boot.php(67): CodeIgniter\Boot::runCodeIgniter(Object(CodeIgniter\CodeIgniter))
11 FCPATH\index.php(56): CodeIgniter\Boot::bootWeb(Object(Config\Paths))
12 SYSTEMPATH\rewrite.php(44): require_once('C:\\laragon\\www\\uts_webservice_pemesanan_mobil-server\\public\\index.php')
CRITICAL - 2024-10-23 09:47:04 --> [Caused by] CodeIgniter\Database\Exceptions\DatabaseException: Duplicate entry '2' for key 'PRIMARY'
in SYSTEMPATH\Database\MySQLi\Connection.php on line 317.
 1 SYSTEMPATH\Database\BaseConnection.php(734): CodeIgniter\Database\MySQLi\Connection->execute('INSERT INTO `pemesanan_mobil` (`id_pemesanan`, `id_mobil`, `id_customer`, `id_sopir`, `tanggal_mulai`, `tanggal_selesai`, `total_harga`, `status_pemesanan`) VALUES (\'2\', \'2\', \'2\', \'2\', \'2024-10-23\', \'2024-10-26\', \'10000021212\', \'gagal\')')
 2 SYSTEMPATH\Database\BaseConnection.php(648): CodeIgniter\Database\BaseConnection->simpleQuery('INSERT INTO `pemesanan_mobil` (`id_pemesanan`, `id_mobil`, `id_customer`, `id_sopir`, `tanggal_mulai`, `tanggal_selesai`, `total_harga`, `status_pemesanan`) VALUES (\'2\', \'2\', \'2\', \'2\', \'2024-10-23\', \'2024-10-26\', \'10000021212\', \'gagal\')')
 3 SYSTEMPATH\Database\BaseBuilder.php(2340): CodeIgniter\Database\BaseConnection->query('INSERT INTO `pemesanan_mobil` (`id_pemesanan`, `id_mobil`, `id_customer`, `id_sopir`, `tanggal_mulai`, `tanggal_selesai`, `total_harga`, `status_pemesanan`) VALUES (:id_pemesanan:, :id_mobil:, :id_customer:, :id_sopir:, :tanggal_mulai:, :tanggal_selesai:, :total_harga:, :status_pemesanan:)', [...], false)
 4 SYSTEMPATH\Model.php(394): CodeIgniter\Database\BaseBuilder->insert()
 5 SYSTEMPATH\BaseModel.php(840): CodeIgniter\Model->doInsert([...])
 6 SYSTEMPATH\Model.php(802): CodeIgniter\BaseModel->insert([...], true)
 7 APPPATH\Controllers\PemesananMobil.php(41): CodeIgniter\Model->insert([...])
 8 SYSTEMPATH\CodeIgniter.php(933): App\Controllers\PemesananMobil->create()
 9 SYSTEMPATH\CodeIgniter.php(509): CodeIgniter\CodeIgniter->runController(Object(App\Controllers\PemesananMobil))
10 SYSTEMPATH\CodeIgniter.php(355): CodeIgniter\CodeIgniter->handleRequest(null, Object(Config\Cache), false)
11 SYSTEMPATH\Boot.php(325): CodeIgniter\CodeIgniter->run()
12 SYSTEMPATH\Boot.php(67): CodeIgniter\Boot::runCodeIgniter(Object(CodeIgniter\CodeIgniter))
13 FCPATH\index.php(56): CodeIgniter\Boot::bootWeb(Object(Config\Paths))
14 SYSTEMPATH\rewrite.php(44): require_once('C:\\laragon\\www\\uts_webservice_pemesanan_mobil-server\\public\\index.php')
CRITICAL - 2024-10-23 09:47:04 --> [Caused by] mysqli_sql_exception: Duplicate entry '2' for key 'PRIMARY'
in SYSTEMPATH\Database\MySQLi\Connection.php on line 312.
 1 SYSTEMPATH\Database\MySQLi\Connection.php(312): mysqli->query('INSERT INTO `pemesanan_mobil` (`id_pemesanan`, `id_mobil`, `id_customer`, `id_sopir`, `tanggal_mulai`, `tanggal_selesai`, `total_harga`, `status_pemesanan`) VALUES (\'2\', \'2\', \'2\', \'2\', \'2024-10-23\', \'2024-10-26\', \'10000021212\', \'gagal\')', 0)
 2 SYSTEMPATH\Database\BaseConnection.php(734): CodeIgniter\Database\MySQLi\Connection->execute('INSERT INTO `pemesanan_mobil` (`id_pemesanan`, `id_mobil`, `id_customer`, `id_sopir`, `tanggal_mulai`, `tanggal_selesai`, `total_harga`, `status_pemesanan`) VALUES (\'2\', \'2\', \'2\', \'2\', \'2024-10-23\', \'2024-10-26\', \'10000021212\', \'gagal\')')
 3 SYSTEMPATH\Database\BaseConnection.php(648): CodeIgniter\Database\BaseConnection->simpleQuery('INSERT INTO `pemesanan_mobil` (`id_pemesanan`, `id_mobil`, `id_customer`, `id_sopir`, `tanggal_mulai`, `tanggal_selesai`, `total_harga`, `status_pemesanan`) VALUES (\'2\', \'2\', \'2\', \'2\', \'2024-10-23\', \'2024-10-26\', \'10000021212\', \'gagal\')')
 4 SYSTEMPATH\Database\BaseBuilder.php(2340): CodeIgniter\Database\BaseConnection->query('INSERT INTO `pemesanan_mobil` (`id_pemesanan`, `id_mobil`, `id_customer`, `id_sopir`, `tanggal_mulai`, `tanggal_selesai`, `total_harga`, `status_pemesanan`) VALUES (:id_pemesanan:, :id_mobil:, :id_customer:, :id_sopir:, :tanggal_mulai:, :tanggal_selesai:, :total_harga:, :status_pemesanan:)', [...], false)
 5 SYSTEMPATH\Model.php(394): CodeIgniter\Database\BaseBuilder->insert()
 6 SYSTEMPATH\BaseModel.php(840): CodeIgniter\Model->doInsert([...])
 7 SYSTEMPATH\Model.php(802): CodeIgniter\BaseModel->insert([...], true)
 8 APPPATH\Controllers\PemesananMobil.php(41): CodeIgniter\Model->insert([...])
 9 SYSTEMPATH\CodeIgniter.php(933): App\Controllers\PemesananMobil->create()
10 SYSTEMPATH\CodeIgniter.php(509): CodeIgniter\CodeIgniter->runController(Object(App\Controllers\PemesananMobil))
11 SYSTEMPATH\CodeIgniter.php(355): CodeIgniter\CodeIgniter->handleRequest(null, Object(Config\Cache), false)
12 SYSTEMPATH\Boot.php(325): CodeIgniter\CodeIgniter->run()
13 SYSTEMPATH\Boot.php(67): CodeIgniter\Boot::runCodeIgniter(Object(CodeIgniter\CodeIgniter))
14 FCPATH\index.php(56): CodeIgniter\Boot::bootWeb(Object(Config\Paths))
15 SYSTEMPATH\rewrite.php(44): require_once('C:\\laragon\\www\\uts_webservice_pemesanan_mobil-server\\public\\index.php')
ERROR - 2024-10-23 09:48:19 --> mysqli_sql_exception: Duplicate entry '2' for key 'PRIMARY' in C:\laragon\www\uts_webservice_pemesanan_mobil-server\system\Database\MySQLi\Connection.php:312
Stack trace:
#0 C:\laragon\www\uts_webservice_pemesanan_mobil-server\system\Database\MySQLi\Connection.php(312): mysqli->query('INSERT INTO `pe...', 0)
#1 C:\laragon\www\uts_webservice_pemesanan_mobil-server\system\Database\BaseConnection.php(734): CodeIgniter\Database\MySQLi\Connection->execute('INSERT INTO `pe...')
#2 C:\laragon\www\uts_webservice_pemesanan_mobil-server\system\Database\BaseConnection.php(648): CodeIgniter\Database\BaseConnection->simpleQuery('INSERT INTO `pe...')
#3 C:\laragon\www\uts_webservice_pemesanan_mobil-server\system\Database\BaseBuilder.php(2340): CodeIgniter\Database\BaseConnection->query('INSERT INTO `pe...', Array, false)
#4 C:\laragon\www\uts_webservice_pemesanan_mobil-server\system\Model.php(394): CodeIgniter\Database\BaseBuilder->insert()
#5 C:\laragon\www\uts_webservice_pemesanan_mobil-server\system\BaseModel.php(840): CodeIgniter\Model->doInsert(Array)
#6 C:\laragon\www\uts_webservice_pemesanan_mobil-server\system\Model.php(802): CodeIgniter\BaseModel->insert(Array, true)
#7 C:\laragon\www\uts_webservice_pemesanan_mobil-server\app\Controllers\PemesananMobil.php(41): CodeIgniter\Model->insert(Array)
#8 C:\laragon\www\uts_webservice_pemesanan_mobil-server\system\CodeIgniter.php(933): App\Controllers\PemesananMobil->create()
#9 C:\laragon\www\uts_webservice_pemesanan_mobil-server\system\CodeIgniter.php(509): CodeIgniter\CodeIgniter->runController(Object(App\Controllers\PemesananMobil))
#10 C:\laragon\www\uts_webservice_pemesanan_mobil-server\system\CodeIgniter.php(355): CodeIgniter\CodeIgniter->handleRequest(NULL, Object(Config\Cache), false)
#11 C:\laragon\www\uts_webservice_pemesanan_mobil-server\system\Boot.php(325): CodeIgniter\CodeIgniter->run()
#12 C:\laragon\www\uts_webservice_pemesanan_mobil-server\system\Boot.php(67): CodeIgniter\Boot::runCodeIgniter(Object(CodeIgniter\CodeIgniter))
#13 C:\laragon\www\uts_webservice_pemesanan_mobil-server\public\index.php(56): CodeIgniter\Boot::bootWeb(Object(Config\Paths))
#14 C:\laragon\www\uts_webservice_pemesanan_mobil-server\system\rewrite.php(44): require_once('C:\\laragon\\www\\...')
#15 {main}
CRITICAL - 2024-10-23 09:48:19 --> CodeIgniter\Database\Exceptions\DatabaseException: Duplicate entry '2' for key 'PRIMARY'
[Method: POST, Route: pemesananmobil/store]
in SYSTEMPATH\Database\BaseConnection.php on line 688.
 1 SYSTEMPATH\Database\BaseBuilder.php(2340): CodeIgniter\Database\BaseConnection->query('INSERT INTO `pemesanan_mobil` (`id_pemesanan`, `id_mobil`, `id_customer`, `id_sopir`, `tanggal_mulai`, `tanggal_selesai`, `total_harga`, `status_pemesanan`) VALUES (:id_pemesanan:, :id_mobil:, :id_customer:, :id_sopir:, :tanggal_mulai:, :tanggal_selesai:, :total_harga:, :status_pemesanan:)', [...], false)
 2 SYSTEMPATH\Model.php(394): CodeIgniter\Database\BaseBuilder->insert()
 3 SYSTEMPATH\BaseModel.php(840): CodeIgniter\Model->doInsert([...])
 4 SYSTEMPATH\Model.php(802): CodeIgniter\BaseModel->insert([...], true)
 5 APPPATH\Controllers\PemesananMobil.php(41): CodeIgniter\Model->insert([...])
 6 SYSTEMPATH\CodeIgniter.php(933): App\Controllers\PemesananMobil->create()
 7 SYSTEMPATH\CodeIgniter.php(509): CodeIgniter\CodeIgniter->runController(Object(App\Controllers\PemesananMobil))
 8 SYSTEMPATH\CodeIgniter.php(355): CodeIgniter\CodeIgniter->handleRequest(null, Object(Config\Cache), false)
 9 SYSTEMPATH\Boot.php(325): CodeIgniter\CodeIgniter->run()
10 SYSTEMPATH\Boot.php(67): CodeIgniter\Boot::runCodeIgniter(Object(CodeIgniter\CodeIgniter))
11 FCPATH\index.php(56): CodeIgniter\Boot::bootWeb(Object(Config\Paths))
12 SYSTEMPATH\rewrite.php(44): require_once('C:\\laragon\\www\\uts_webservice_pemesanan_mobil-server\\public\\index.php')
CRITICAL - 2024-10-23 09:48:19 --> [Caused by] CodeIgniter\Database\Exceptions\DatabaseException: Duplicate entry '2' for key 'PRIMARY'
in SYSTEMPATH\Database\MySQLi\Connection.php on line 317.
 1 SYSTEMPATH\Database\BaseConnection.php(734): CodeIgniter\Database\MySQLi\Connection->execute('INSERT INTO `pemesanan_mobil` (`id_pemesanan`, `id_mobil`, `id_customer`, `id_sopir`, `tanggal_mulai`, `tanggal_selesai`, `total_harga`, `status_pemesanan`) VALUES (\'2\', \'2\', \'2\', \'2\', \'2024-10-17\', \'2024-10-18\', \'10000021212\', \'gagal\')')
 2 SYSTEMPATH\Database\BaseConnection.php(648): CodeIgniter\Database\BaseConnection->simpleQuery('INSERT INTO `pemesanan_mobil` (`id_pemesanan`, `id_mobil`, `id_customer`, `id_sopir`, `tanggal_mulai`, `tanggal_selesai`, `total_harga`, `status_pemesanan`) VALUES (\'2\', \'2\', \'2\', \'2\', \'2024-10-17\', \'2024-10-18\', \'10000021212\', \'gagal\')')
 3 SYSTEMPATH\Database\BaseBuilder.php(2340): CodeIgniter\Database\BaseConnection->query('INSERT INTO `pemesanan_mobil` (`id_pemesanan`, `id_mobil`, `id_customer`, `id_sopir`, `tanggal_mulai`, `tanggal_selesai`, `total_harga`, `status_pemesanan`) VALUES (:id_pemesanan:, :id_mobil:, :id_customer:, :id_sopir:, :tanggal_mulai:, :tanggal_selesai:, :total_harga:, :status_pemesanan:)', [...], false)
 4 SYSTEMPATH\Model.php(394): CodeIgniter\Database\BaseBuilder->insert()
 5 SYSTEMPATH\BaseModel.php(840): CodeIgniter\Model->doInsert([...])
 6 SYSTEMPATH\Model.php(802): CodeIgniter\BaseModel->insert([...], true)
 7 APPPATH\Controllers\PemesananMobil.php(41): CodeIgniter\Model->insert([...])
 8 SYSTEMPATH\CodeIgniter.php(933): App\Controllers\PemesananMobil->create()
 9 SYSTEMPATH\CodeIgniter.php(509): CodeIgniter\CodeIgniter->runController(Object(App\Controllers\PemesananMobil))
10 SYSTEMPATH\CodeIgniter.php(355): CodeIgniter\CodeIgniter->handleRequest(null, Object(Config\Cache), false)
11 SYSTEMPATH\Boot.php(325): CodeIgniter\CodeIgniter->run()
12 SYSTEMPATH\Boot.php(67): CodeIgniter\Boot::runCodeIgniter(Object(CodeIgniter\CodeIgniter))
13 FCPATH\index.php(56): CodeIgniter\Boot::bootWeb(Object(Config\Paths))
14 SYSTEMPATH\rewrite.php(44): require_once('C:\\laragon\\www\\uts_webservice_pemesanan_mobil-server\\public\\index.php')
CRITICAL - 2024-10-23 09:48:19 --> [Caused by] mysqli_sql_exception: Duplicate entry '2' for key 'PRIMARY'
in SYSTEMPATH\Database\MySQLi\Connection.php on line 312.
 1 SYSTEMPATH\Database\MySQLi\Connection.php(312): mysqli->query('INSERT INTO `pemesanan_mobil` (`id_pemesanan`, `id_mobil`, `id_customer`, `id_sopir`, `tanggal_mulai`, `tanggal_selesai`, `total_harga`, `status_pemesanan`) VALUES (\'2\', \'2\', \'2\', \'2\', \'2024-10-17\', \'2024-10-18\', \'10000021212\', \'gagal\')', 0)
 2 SYSTEMPATH\Database\BaseConnection.php(734): CodeIgniter\Database\MySQLi\Connection->execute('INSERT INTO `pemesanan_mobil` (`id_pemesanan`, `id_mobil`, `id_customer`, `id_sopir`, `tanggal_mulai`, `tanggal_selesai`, `total_harga`, `status_pemesanan`) VALUES (\'2\', \'2\', \'2\', \'2\', \'2024-10-17\', \'2024-10-18\', \'10000021212\', \'gagal\')')
 3 SYSTEMPATH\Database\BaseConnection.php(648): CodeIgniter\Database\BaseConnection->simpleQuery('INSERT INTO `pemesanan_mobil` (`id_pemesanan`, `id_mobil`, `id_customer`, `id_sopir`, `tanggal_mulai`, `tanggal_selesai`, `total_harga`, `status_pemesanan`) VALUES (\'2\', \'2\', \'2\', \'2\', \'2024-10-17\', \'2024-10-18\', \'10000021212\', \'gagal\')')
 4 SYSTEMPATH\Database\BaseBuilder.php(2340): CodeIgniter\Database\BaseConnection->query('INSERT INTO `pemesanan_mobil` (`id_pemesanan`, `id_mobil`, `id_customer`, `id_sopir`, `tanggal_mulai`, `tanggal_selesai`, `total_harga`, `status_pemesanan`) VALUES (:id_pemesanan:, :id_mobil:, :id_customer:, :id_sopir:, :tanggal_mulai:, :tanggal_selesai:, :total_harga:, :status_pemesanan:)', [...], false)
 5 SYSTEMPATH\Model.php(394): CodeIgniter\Database\BaseBuilder->insert()
 6 SYSTEMPATH\BaseModel.php(840): CodeIgniter\Model->doInsert([...])
 7 SYSTEMPATH\Model.php(802): CodeIgniter\BaseModel->insert([...], true)
 8 APPPATH\Controllers\PemesananMobil.php(41): CodeIgniter\Model->insert([...])
 9 SYSTEMPATH\CodeIgniter.php(933): App\Controllers\PemesananMobil->create()
10 SYSTEMPATH\CodeIgniter.php(509): CodeIgniter\CodeIgniter->runController(Object(App\Controllers\PemesananMobil))
11 SYSTEMPATH\CodeIgniter.php(355): CodeIgniter\CodeIgniter->handleRequest(null, Object(Config\Cache), false)
12 SYSTEMPATH\Boot.php(325): CodeIgniter\CodeIgniter->run()
13 SYSTEMPATH\Boot.php(67): CodeIgniter\Boot::runCodeIgniter(Object(CodeIgniter\CodeIgniter))
14 FCPATH\index.php(56): CodeIgniter\Boot::bootWeb(Object(Config\Paths))
15 SYSTEMPATH\rewrite.php(44): require_once('C:\\laragon\\www\\uts_webservice_pemesanan_mobil-server\\public\\index.php')
ERROR - 2024-10-23 09:49:09 --> mysqli_sql_exception: Duplicate entry '2' for key 'PRIMARY' in C:\laragon\www\uts_webservice_pemesanan_mobil-server\system\Database\MySQLi\Connection.php:312
Stack trace:
#0 C:\laragon\www\uts_webservice_pemesanan_mobil-server\system\Database\MySQLi\Connection.php(312): mysqli->query('INSERT INTO `pe...', 0)
#1 C:\laragon\www\uts_webservice_pemesanan_mobil-server\system\Database\BaseConnection.php(734): CodeIgniter\Database\MySQLi\Connection->execute('INSERT INTO `pe...')
#2 C:\laragon\www\uts_webservice_pemesanan_mobil-server\system\Database\BaseConnection.php(648): CodeIgniter\Database\BaseConnection->simpleQuery('INSERT INTO `pe...')
#3 C:\laragon\www\uts_webservice_pemesanan_mobil-server\system\Database\BaseBuilder.php(2340): CodeIgniter\Database\BaseConnection->query('INSERT INTO `pe...', Array, false)
#4 C:\laragon\www\uts_webservice_pemesanan_mobil-server\system\Model.php(394): CodeIgniter\Database\BaseBuilder->insert()
#5 C:\laragon\www\uts_webservice_pemesanan_mobil-server\system\BaseModel.php(840): CodeIgniter\Model->doInsert(Array)
#6 C:\laragon\www\uts_webservice_pemesanan_mobil-server\system\Model.php(802): CodeIgniter\BaseModel->insert(Array, true)
#7 C:\laragon\www\uts_webservice_pemesanan_mobil-server\app\Controllers\PemesananMobil.php(41): CodeIgniter\Model->insert(Array)
#8 C:\laragon\www\uts_webservice_pemesanan_mobil-server\system\CodeIgniter.php(933): App\Controllers\PemesananMobil->create()
#9 C:\laragon\www\uts_webservice_pemesanan_mobil-server\system\CodeIgniter.php(509): CodeIgniter\CodeIgniter->runController(Object(App\Controllers\PemesananMobil))
#10 C:\laragon\www\uts_webservice_pemesanan_mobil-server\system\CodeIgniter.php(355): CodeIgniter\CodeIgniter->handleRequest(NULL, Object(Config\Cache), false)
#11 C:\laragon\www\uts_webservice_pemesanan_mobil-server\system\Boot.php(325): CodeIgniter\CodeIgniter->run()
#12 C:\laragon\www\uts_webservice_pemesanan_mobil-server\system\Boot.php(67): CodeIgniter\Boot::runCodeIgniter(Object(CodeIgniter\CodeIgniter))
#13 C:\laragon\www\uts_webservice_pemesanan_mobil-server\public\index.php(56): CodeIgniter\Boot::bootWeb(Object(Config\Paths))
#14 C:\laragon\www\uts_webservice_pemesanan_mobil-server\system\rewrite.php(44): require_once('C:\\laragon\\www\\...')
#15 {main}
CRITICAL - 2024-10-23 09:49:09 --> CodeIgniter\Database\Exceptions\DatabaseException: Duplicate entry '2' for key 'PRIMARY'
[Method: POST, Route: pemesananmobil/store]
in SYSTEMPATH\Database\BaseConnection.php on line 688.
 1 SYSTEMPATH\Database\BaseBuilder.php(2340): CodeIgniter\Database\BaseConnection->query('INSERT INTO `pemesanan_mobil` (`id_pemesanan`, `id_mobil`, `id_customer`, `id_sopir`, `tanggal_mulai`, `tanggal_selesai`, `total_harga`, `status_pemesanan`) VALUES (:id_pemesanan:, :id_mobil:, :id_customer:, :id_sopir:, :tanggal_mulai:, :tanggal_selesai:, :total_harga:, :status_pemesanan:)', [...], false)
 2 SYSTEMPATH\Model.php(394): CodeIgniter\Database\BaseBuilder->insert()
 3 SYSTEMPATH\BaseModel.php(840): CodeIgniter\Model->doInsert([...])
 4 SYSTEMPATH\Model.php(802): CodeIgniter\BaseModel->insert([...], true)
 5 APPPATH\Controllers\PemesananMobil.php(41): CodeIgniter\Model->insert([...])
 6 SYSTEMPATH\CodeIgniter.php(933): App\Controllers\PemesananMobil->create()
 7 SYSTEMPATH\CodeIgniter.php(509): CodeIgniter\CodeIgniter->runController(Object(App\Controllers\PemesananMobil))
 8 SYSTEMPATH\CodeIgniter.php(355): CodeIgniter\CodeIgniter->handleRequest(null, Object(Config\Cache), false)
 9 SYSTEMPATH\Boot.php(325): CodeIgniter\CodeIgniter->run()
10 SYSTEMPATH\Boot.php(67): CodeIgniter\Boot::runCodeIgniter(Object(CodeIgniter\CodeIgniter))
11 FCPATH\index.php(56): CodeIgniter\Boot::bootWeb(Object(Config\Paths))
12 SYSTEMPATH\rewrite.php(44): require_once('C:\\laragon\\www\\uts_webservice_pemesanan_mobil-server\\public\\index.php')
CRITICAL - 2024-10-23 09:49:09 --> [Caused by] CodeIgniter\Database\Exceptions\DatabaseException: Duplicate entry '2' for key 'PRIMARY'
in SYSTEMPATH\Database\MySQLi\Connection.php on line 317.
 1 SYSTEMPATH\Database\BaseConnection.php(734): CodeIgniter\Database\MySQLi\Connection->execute('INSERT INTO `pemesanan_mobil` (`id_pemesanan`, `id_mobil`, `id_customer`, `id_sopir`, `tanggal_mulai`, `tanggal_selesai`, `total_harga`, `status_pemesanan`) VALUES (\'2\', \'2\', \'2\', \'2\', \'2024-10-24\', \'2024-10-26\', \'100000212\', \'gagal\')')
 2 SYSTEMPATH\Database\BaseConnection.php(648): CodeIgniter\Database\BaseConnection->simpleQuery('INSERT INTO `pemesanan_mobil` (`id_pemesanan`, `id_mobil`, `id_customer`, `id_sopir`, `tanggal_mulai`, `tanggal_selesai`, `total_harga`, `status_pemesanan`) VALUES (\'2\', \'2\', \'2\', \'2\', \'2024-10-24\', \'2024-10-26\', \'100000212\', \'gagal\')')
 3 SYSTEMPATH\Database\BaseBuilder.php(2340): CodeIgniter\Database\BaseConnection->query('INSERT INTO `pemesanan_mobil` (`id_pemesanan`, `id_mobil`, `id_customer`, `id_sopir`, `tanggal_mulai`, `tanggal_selesai`, `total_harga`, `status_pemesanan`) VALUES (:id_pemesanan:, :id_mobil:, :id_customer:, :id_sopir:, :tanggal_mulai:, :tanggal_selesai:, :total_harga:, :status_pemesanan:)', [...], false)
 4 SYSTEMPATH\Model.php(394): CodeIgniter\Database\BaseBuilder->insert()
 5 SYSTEMPATH\BaseModel.php(840): CodeIgniter\Model->doInsert([...])
 6 SYSTEMPATH\Model.php(802): CodeIgniter\BaseModel->insert([...], true)
 7 APPPATH\Controllers\PemesananMobil.php(41): CodeIgniter\Model->insert([...])
 8 SYSTEMPATH\CodeIgniter.php(933): App\Controllers\PemesananMobil->create()
 9 SYSTEMPATH\CodeIgniter.php(509): CodeIgniter\CodeIgniter->runController(Object(App\Controllers\PemesananMobil))
10 SYSTEMPATH\CodeIgniter.php(355): CodeIgniter\CodeIgniter->handleRequest(null, Object(Config\Cache), false)
11 SYSTEMPATH\Boot.php(325): CodeIgniter\CodeIgniter->run()
12 SYSTEMPATH\Boot.php(67): CodeIgniter\Boot::runCodeIgniter(Object(CodeIgniter\CodeIgniter))
13 FCPATH\index.php(56): CodeIgniter\Boot::bootWeb(Object(Config\Paths))
14 SYSTEMPATH\rewrite.php(44): require_once('C:\\laragon\\www\\uts_webservice_pemesanan_mobil-server\\public\\index.php')
CRITICAL - 2024-10-23 09:49:09 --> [Caused by] mysqli_sql_exception: Duplicate entry '2' for key 'PRIMARY'
in SYSTEMPATH\Database\MySQLi\Connection.php on line 312.
 1 SYSTEMPATH\Database\MySQLi\Connection.php(312): mysqli->query('INSERT INTO `pemesanan_mobil` (`id_pemesanan`, `id_mobil`, `id_customer`, `id_sopir`, `tanggal_mulai`, `tanggal_selesai`, `total_harga`, `status_pemesanan`) VALUES (\'2\', \'2\', \'2\', \'2\', \'2024-10-24\', \'2024-10-26\', \'100000212\', \'gagal\')', 0)
 2 SYSTEMPATH\Database\BaseConnection.php(734): CodeIgniter\Database\MySQLi\Connection->execute('INSERT INTO `pemesanan_mobil` (`id_pemesanan`, `id_mobil`, `id_customer`, `id_sopir`, `tanggal_mulai`, `tanggal_selesai`, `total_harga`, `status_pemesanan`) VALUES (\'2\', \'2\', \'2\', \'2\', \'2024-10-24\', \'2024-10-26\', \'100000212\', \'gagal\')')
 3 SYSTEMPATH\Database\BaseConnection.php(648): CodeIgniter\Database\BaseConnection->simpleQuery('INSERT INTO `pemesanan_mobil` (`id_pemesanan`, `id_mobil`, `id_customer`, `id_sopir`, `tanggal_mulai`, `tanggal_selesai`, `total_harga`, `status_pemesanan`) VALUES (\'2\', \'2\', \'2\', \'2\', \'2024-10-24\', \'2024-10-26\', \'100000212\', \'gagal\')')
 4 SYSTEMPATH\Database\BaseBuilder.php(2340): CodeIgniter\Database\BaseConnection->query('INSERT INTO `pemesanan_mobil` (`id_pemesanan`, `id_mobil`, `id_customer`, `id_sopir`, `tanggal_mulai`, `tanggal_selesai`, `total_harga`, `status_pemesanan`) VALUES (:id_pemesanan:, :id_mobil:, :id_customer:, :id_sopir:, :tanggal_mulai:, :tanggal_selesai:, :total_harga:, :status_pemesanan:)', [...], false)
 5 SYSTEMPATH\Model.php(394): CodeIgniter\Database\BaseBuilder->insert()
 6 SYSTEMPATH\BaseModel.php(840): CodeIgniter\Model->doInsert([...])
 7 SYSTEMPATH\Model.php(802): CodeIgniter\BaseModel->insert([...], true)
 8 APPPATH\Controllers\PemesananMobil.php(41): CodeIgniter\Model->insert([...])
 9 SYSTEMPATH\CodeIgniter.php(933): App\Controllers\PemesananMobil->create()
10 SYSTEMPATH\CodeIgniter.php(509): CodeIgniter\CodeIgniter->runController(Object(App\Controllers\PemesananMobil))
11 SYSTEMPATH\CodeIgniter.php(355): CodeIgniter\CodeIgniter->handleRequest(null, Object(Config\Cache), false)
12 SYSTEMPATH\Boot.php(325): CodeIgniter\CodeIgniter->run()
13 SYSTEMPATH\Boot.php(67): CodeIgniter\Boot::runCodeIgniter(Object(CodeIgniter\CodeIgniter))
14 FCPATH\index.php(56): CodeIgniter\Boot::bootWeb(Object(Config\Paths))
15 SYSTEMPATH\rewrite.php(44): require_once('C:\\laragon\\www\\uts_webservice_pemesanan_mobil-server\\public\\index.php')
